<?xml version="1.0" encoding="UTF-8"?>
<coverage generated="1777120183">
  <project timestamp="1777120183" name="Clover Coverage">
    <package name="DOM\ORM\Command">
      <file name="/home/erik-poehler/Sites/dom-orm/src/Command/Backup.php">
        <class name="DOM\ORM\Command\Backup" namespace="DOM\ORM\Command">
          <metrics complexity="2" methods="1" coveredmethods="0" conditionals="0" coveredconditionals="0" statements="5" coveredstatements="0" elements="6" coveredelements="0"/>
        </class>
        <line num="8" type="method" name="run" visibility="public" complexity="2" crap="6" count="0"/>
        <line num="10" type="stmt" count="0"/>
        <line num="12" type="stmt" count="0"/>
        <line num="13" type="stmt" count="0"/>
        <line num="16" type="stmt" count="0"/>
        <line num="17" type="stmt" count="0"/>
        <metrics loc="20" ncloc="20" classes="1" methods="1" coveredmethods="0" conditionals="0" coveredconditionals="0" statements="5" coveredstatements="0" elements="6" coveredelements="0"/>
      </file>
      <file name="/home/erik-poehler/Sites/dom-orm/src/Command/Cleanup.php">
        <class name="DOM\ORM\Command\Cleanup" namespace="DOM\ORM\Command">
          <metrics complexity="22" methods="3" coveredmethods="0" conditionals="0" coveredconditionals="0" statements="58" coveredstatements="0" elements="61" coveredelements="0"/>
        </class>
        <line num="29" type="method" name="run" visibility="public" complexity="11" crap="132" count="0"/>
        <line num="31" type="stmt" count="0"/>
        <line num="32" type="stmt" count="0"/>
        <line num="34" type="stmt" count="0"/>
        <line num="35" type="stmt" count="0"/>
        <line num="36" type="stmt" count="0"/>
        <line num="38" type="stmt" count="0"/>
        <line num="40" type="stmt" count="0"/>
        <line num="41" type="stmt" count="0"/>
        <line num="43" type="stmt" count="0"/>
        <line num="44" type="stmt" count="0"/>
        <line num="45" type="stmt" count="0"/>
        <line num="46" type="stmt" count="0"/>
        <line num="47" type="stmt" count="0"/>
        <line num="50" type="stmt" count="0"/>
        <line num="51" type="stmt" count="0"/>
        <line num="52" type="stmt" count="0"/>
        <line num="53" type="stmt" count="0"/>
        <line num="54" type="stmt" count="0"/>
        <line num="55" type="stmt" count="0"/>
        <line num="58" type="stmt" count="0"/>
        <line num="64" type="stmt" count="0"/>
        <line num="66" type="stmt" count="0"/>
        <line num="68" type="stmt" count="0"/>
        <line num="69" type="stmt" count="0"/>
        <line num="70" type="stmt" count="0"/>
        <line num="71" type="stmt" count="0"/>
        <line num="75" type="stmt" count="0"/>
        <line num="76" type="stmt" count="0"/>
        <line num="77" type="stmt" count="0"/>
        <line num="78" type="stmt" count="0"/>
        <line num="80" type="stmt" count="0"/>
        <line num="82" type="stmt" count="0"/>
        <line num="86" type="stmt" count="0"/>
        <line num="88" type="stmt" count="0"/>
        <line num="89" type="stmt" count="0"/>
        <line num="92" type="stmt" count="0"/>
        <line num="103" type="method" name="resolveLiveFragmentNames" visibility="private" complexity="7" crap="56" count="0"/>
        <line num="105" type="stmt" count="0"/>
        <line num="106" type="stmt" count="0"/>
        <line num="109" type="stmt" count="0"/>
        <line num="110" type="stmt" count="0"/>
        <line num="111" type="stmt" count="0"/>
        <line num="112" type="stmt" count="0"/>
        <line num="113" type="stmt" count="0"/>
        <line num="114" type="stmt" count="0"/>
        <line num="119" type="stmt" count="0"/>
        <line num="120" type="stmt" count="0"/>
        <line num="121" type="stmt" count="0"/>
        <line num="122" type="stmt" count="0"/>
        <line num="127" type="stmt" count="0"/>
        <line num="133" type="method" name="buildTypeToClassMap" visibility="private" complexity="4" crap="20" count="0"/>
        <line num="135" type="stmt" count="0"/>
        <line num="136" type="stmt" count="0"/>
        <line num="137" type="stmt" count="0"/>
        <line num="138" type="stmt" count="0"/>
        <line num="140" type="stmt" count="0"/>
        <line num="141" type="stmt" count="0"/>
        <line num="142" type="stmt" count="0"/>
        <line num="143" type="stmt" count="0"/>
        <line num="147" type="stmt" count="0"/>
        <metrics loc="150" ncloc="118" classes="1" methods="3" coveredmethods="0" conditionals="0" coveredconditionals="0" statements="58" coveredstatements="0" elements="61" coveredelements="0"/>
      </file>
      <file name="/home/erik-poehler/Sites/dom-orm/src/Command/Diagnose.php">
        <class name="DOM\ORM\Command\Diagnose" namespace="DOM\ORM\Command">
          <metrics complexity="1" methods="1" coveredmethods="0" conditionals="0" coveredconditionals="0" statements="1" coveredstatements="0" elements="2" coveredelements="0"/>
        </class>
        <line num="8" type="method" name="run" visibility="public" complexity="1" crap="2" count="0"/>
        <line num="10" type="stmt" count="0"/>
        <metrics loc="12" ncloc="12" classes="1" methods="1" coveredmethods="0" conditionals="0" coveredconditionals="0" statements="1" coveredstatements="0" elements="2" coveredelements="0"/>
      </file>
      <file name="/home/erik-poehler/Sites/dom-orm/src/Command/Export.php">
        <class name="DOM\ORM\Command\Export" namespace="DOM\ORM\Command">
          <metrics complexity="39" methods="7" coveredmethods="1" conditionals="0" coveredconditionals="0" statements="90" coveredstatements="75" elements="97" coveredelements="76"/>
        </class>
        <line num="30" type="method" name="run" visibility="public" complexity="2" crap="6" count="0"/>
        <line num="37" type="stmt" count="0"/>
        <line num="38" type="stmt" count="0"/>
        <line num="40" type="stmt" count="0"/>
        <line num="41" type="stmt" count="0"/>
        <line num="42" type="stmt" count="0"/>
        <line num="45" type="stmt" count="0"/>
        <line num="48" type="method" name="runConfigured" visibility="public" complexity="5" crap="5.01" count="1"/>
        <line num="51" type="stmt" count="1"/>
        <line num="54" type="stmt" count="1"/>
        <line num="55" type="stmt" count="1"/>
        <line num="56" type="stmt" count="1"/>
        <line num="57" type="stmt" count="1"/>
        <line num="59" type="stmt" count="0"/>
        <line num="62" type="stmt" count="1"/>
        <line num="63" type="stmt" count="1"/>
        <line num="64" type="stmt" count="1"/>
        <line num="65" type="stmt" count="1"/>
        <line num="66" type="stmt" count="1"/>
        <line num="67" type="stmt" count="1"/>
        <line num="68" type="stmt" count="1"/>
        <line num="69" type="stmt" count="1"/>
        <line num="70" type="stmt" count="1"/>
        <line num="73" type="method" name="write" visibility="public" complexity="9" crap="10.54" count="1"/>
        <line num="83" type="stmt" count="1"/>
        <line num="85" type="stmt" count="1"/>
        <line num="87" type="stmt" count="1"/>
        <line num="88" type="stmt" count="1"/>
        <line num="89" type="stmt" count="1"/>
        <line num="92" type="stmt" count="1"/>
        <line num="93" type="stmt" count="0"/>
        <line num="94" type="stmt" count="0"/>
        <line num="97" type="stmt" count="1"/>
        <line num="98" type="stmt" count="1"/>
        <line num="99" type="stmt" count="1"/>
        <line num="100" type="stmt" count="1"/>
        <line num="103" type="stmt" count="1"/>
        <line num="104" type="stmt" count="0"/>
        <line num="105" type="stmt" count="0"/>
        <line num="114" type="method" name="buildExportArray" visibility="public" complexity="10" crap="10.06" count="3"/>
        <line num="116" type="stmt" count="3"/>
        <line num="118" type="stmt" count="3"/>
        <line num="120" type="stmt" count="3"/>
        <line num="121" type="stmt" count="3"/>
        <line num="122" type="stmt" count="3"/>
        <line num="123" type="stmt" count="0"/>
        <line num="126" type="stmt" count="3"/>
        <line num="127" type="stmt" count="3"/>
        <line num="129" type="stmt" count="3"/>
        <line num="130" type="stmt" count="0"/>
        <line num="133" type="stmt" count="3"/>
        <line num="134" type="stmt" count="3"/>
        <line num="135" type="stmt" count="3"/>
        <line num="136" type="stmt" count="3"/>
        <line num="138" type="stmt" count="3"/>
        <line num="140" type="stmt" count="3"/>
        <line num="141" type="stmt" count="3"/>
        <line num="142" type="stmt" count="2"/>
        <line num="144" type="stmt" count="3"/>
        <line num="145" type="stmt" count="3"/>
        <line num="146" type="stmt" count="2"/>
        <line num="149" type="stmt" count="3"/>
        <line num="152" type="stmt" count="3"/>
        <line num="155" type="stmt" count="3"/>
        <line num="164" type="method" name="buildExclusionMap" visibility="private" complexity="10" crap="10" count="3"/>
        <line num="167" type="stmt" count="3"/>
        <line num="168" type="stmt" count="3"/>
        <line num="169" type="stmt" count="2"/>
        <line num="172" type="stmt" count="1"/>
        <line num="173" type="stmt" count="1"/>
        <line num="174" type="stmt" count="1"/>
        <line num="175" type="stmt" count="1"/>
        <line num="178" type="stmt" count="1"/>
        <line num="179" type="stmt" count="1"/>
        <line num="180" type="stmt" count="1"/>
        <line num="181" type="stmt" count="0"/>
        <line num="185" type="stmt" count="1"/>
        <line num="186" type="stmt" count="1"/>
        <line num="187" type="stmt" count="1"/>
        <line num="189" type="stmt" count="1"/>
        <line num="190" type="stmt" count="1"/>
        <line num="192" type="stmt" count="1"/>
        <line num="193" type="stmt" count="1"/>
        <line num="194" type="stmt" count="1"/>
        <line num="196" type="stmt" count="1"/>
        <line num="198" type="stmt" count="1"/>
        <line num="199" type="stmt" count="1"/>
        <line num="203" type="stmt" count="1"/>
        <line num="204" type="stmt" count="1"/>
        <line num="208" type="stmt" count="1"/>
        <line num="211" type="method" name="defaultBasePath" visibility="private" complexity="1" crap="1" count="1"/>
        <line num="213" type="stmt" count="1"/>
        <line num="216" type="method" name="writeFile" visibility="private" complexity="2" crap="2.06" count="1"/>
        <line num="218" type="stmt" count="1"/>
        <line num="219" type="stmt" count="1"/>
        <line num="220" type="stmt" count="0"/>
        <line num="223" type="stmt" count="1"/>
        <metrics loc="226" ncloc="196" classes="1" methods="7" coveredmethods="1" conditionals="0" coveredconditionals="0" statements="90" coveredstatements="75" elements="97" coveredelements="76"/>
      </file>
      <file name="/home/erik-poehler/Sites/dom-orm/src/Command/Import.php">
        <class name="DOM\ORM\Command\Import" namespace="DOM\ORM\Command">
          <metrics complexity="1" methods="1" coveredmethods="0" conditionals="0" coveredconditionals="0" statements="1" coveredstatements="0" elements="2" coveredelements="0"/>
        </class>
        <line num="8" type="method" name="run" visibility="public" complexity="1" crap="2" count="0"/>
        <line num="10" type="stmt" count="0"/>
        <metrics loc="12" ncloc="12" classes="1" methods="1" coveredmethods="0" conditionals="0" coveredconditionals="0" statements="1" coveredstatements="0" elements="2" coveredelements="0"/>
      </file>
      <file name="/home/erik-poehler/Sites/dom-orm/src/Command/Init.php">
        <class name="DOM\ORM\Command\Init" namespace="DOM\ORM\Command">
          <metrics complexity="5" methods="1" coveredmethods="0" conditionals="0" coveredconditionals="0" statements="17" coveredstatements="0" elements="18" coveredelements="0"/>
        </class>
        <line num="8" type="method" name="run" visibility="public" complexity="5" crap="30" count="0"/>
        <line num="10" type="stmt" count="0"/>
        <line num="13" type="stmt" count="0"/>
        <line num="14" type="stmt" count="0"/>
        <line num="17" type="stmt" count="0"/>
        <line num="18" type="stmt" count="0"/>
        <line num="20" type="stmt" count="0"/>
        <line num="21" type="stmt" count="0"/>
        <line num="24" type="stmt" count="0"/>
        <line num="25" type="stmt" count="0"/>
        <line num="27" type="stmt" count="0"/>
        <line num="28" type="stmt" count="0"/>
        <line num="29" type="stmt" count="0"/>
        <line num="30" type="stmt" count="0"/>
        <line num="31" type="stmt" count="0"/>
        <line num="32" type="stmt" count="0"/>
        <line num="33" type="stmt" count="0"/>
        <line num="35" type="stmt" count="0"/>
        <metrics loc="38" ncloc="38" classes="1" methods="1" coveredmethods="0" conditionals="0" coveredconditionals="0" statements="17" coveredstatements="0" elements="18" coveredelements="0"/>
      </file>
      <file name="/home/erik-poehler/Sites/dom-orm/src/Command/Migrate.php">
        <class name="DOM\ORM\Command\Migrate" namespace="DOM\ORM\Command">
          <metrics complexity="23" methods="3" coveredmethods="0" conditionals="0" coveredconditionals="0" statements="59" coveredstatements="0" elements="62" coveredelements="0"/>
        </class>
        <line num="32" type="method" name="run" visibility="public" complexity="17" crap="306" count="0"/>
        <line num="34" type="stmt" count="0"/>
        <line num="35" type="stmt" count="0"/>
        <line num="37" type="stmt" count="0"/>
        <line num="38" type="stmt" count="0"/>
        <line num="39" type="stmt" count="0"/>
        <line num="41" type="stmt" count="0"/>
        <line num="44" type="stmt" count="0"/>
        <line num="46" type="stmt" count="0"/>
        <line num="47" type="stmt" count="0"/>
        <line num="48" type="stmt" count="0"/>
        <line num="49" type="stmt" count="0"/>
        <line num="50" type="stmt" count="0"/>
        <line num="53" type="stmt" count="0"/>
        <line num="54" type="stmt" count="0"/>
        <line num="55" type="stmt" count="0"/>
        <line num="56" type="stmt" count="0"/>
        <line num="57" type="stmt" count="0"/>
        <line num="60" type="stmt" count="0"/>
        <line num="61" type="stmt" count="0"/>
        <line num="62" type="stmt" count="0"/>
        <line num="65" type="stmt" count="0"/>
        <line num="66" type="stmt" count="0"/>
        <line num="67" type="stmt" count="0"/>
        <line num="68" type="stmt" count="0"/>
        <line num="69" type="stmt" count="0"/>
        <line num="72" type="stmt" count="0"/>
        <line num="73" type="stmt" count="0"/>
        <line num="75" type="stmt" count="0"/>
        <line num="77" type="stmt" count="0"/>
        <line num="78" type="stmt" count="0"/>
        <line num="80" type="stmt" count="0"/>
        <line num="81" type="stmt" count="0"/>
        <line num="83" type="stmt" count="0"/>
        <line num="86" type="stmt" count="0"/>
        <line num="87" type="stmt" count="0"/>
        <line num="89" type="stmt" count="0"/>
        <line num="93" type="stmt" count="0"/>
        <line num="94" type="stmt" count="0"/>
        <line num="96" type="stmt" count="0"/>
        <line num="99" type="stmt" count="0"/>
        <line num="102" type="stmt" count="0"/>
        <line num="103" type="stmt" count="0"/>
        <line num="107" type="stmt" count="0"/>
        <line num="108" type="stmt" count="0"/>
        <line num="111" type="stmt" count="0"/>
        <line num="117" type="method" name="buildTypeToClassMap" visibility="private" complexity="4" crap="20" count="0"/>
        <line num="119" type="stmt" count="0"/>
        <line num="120" type="stmt" count="0"/>
        <line num="121" type="stmt" count="0"/>
        <line num="122" type="stmt" count="0"/>
        <line num="124" type="stmt" count="0"/>
        <line num="125" type="stmt" count="0"/>
        <line num="126" type="stmt" count="0"/>
        <line num="127" type="stmt" count="0"/>
        <line num="131" type="stmt" count="0"/>
        <line num="138" type="method" name="resolveFragmentMap" visibility="private" complexity="2" crap="6" count="0"/>
        <line num="140" type="stmt" count="0"/>
        <line num="141" type="stmt" count="0"/>
        <line num="142" type="stmt" count="0"/>
        <line num="143" type="stmt" count="0"/>
        <line num="146" type="stmt" count="0"/>
        <metrics loc="149" ncloc="119" classes="1" methods="3" coveredmethods="0" conditionals="0" coveredconditionals="0" statements="59" coveredstatements="0" elements="62" coveredelements="0"/>
      </file>
      <file name="/home/erik-poehler/Sites/dom-orm/src/Command/Perf.php">
        <class name="DOM\ORM\Command\PerfUser" namespace="DOM\ORM\Command">
          <metrics complexity="7" methods="7" coveredmethods="0" conditionals="0" coveredconditionals="0" statements="13" coveredstatements="0" elements="20" coveredelements="0"/>
        </class>
        <class name="DOM\ORM\Command\PerfUserRepository" namespace="DOM\ORM\Command">
          <metrics complexity="1" methods="1" coveredmethods="0" conditionals="0" coveredconditionals="0" statements="1" coveredstatements="0" elements="2" coveredelements="0"/>
        </class>
        <class name="DOM\ORM\Command\PerfManager" namespace="DOM\ORM\Command">
          <metrics complexity="3" methods="3" coveredmethods="0" conditionals="0" coveredconditionals="0" statements="3" coveredstatements="0" elements="6" coveredelements="0"/>
        </class>
        <class name="DOM\ORM\Command\Perf" namespace="DOM\ORM\Command">
          <metrics complexity="15" methods="2" coveredmethods="0" conditionals="0" coveredconditionals="0" statements="125" coveredstatements="0" elements="127" coveredelements="0"/>
        </class>
        <line num="31" type="method" name="__construct" visibility="public" complexity="1" crap="2" count="0"/>
        <line num="38" type="stmt" count="0"/>
        <line num="39" type="stmt" count="0"/>
        <line num="40" type="stmt" count="0"/>
        <line num="41" type="stmt" count="0"/>
        <line num="44" type="method" name="getName" visibility="public" complexity="1" crap="2" count="0"/>
        <line num="46" type="stmt" count="0"/>
        <line num="48" type="method" name="getEmail" visibility="public" complexity="1" crap="2" count="0"/>
        <line num="50" type="stmt" count="0"/>
        <line num="52" type="method" name="getCity" visibility="public" complexity="1" crap="2" count="0"/>
        <line num="54" type="stmt" count="0"/>
        <line num="57" type="method" name="setName" visibility="public" complexity="1" crap="2" count="0"/>
        <line num="59" type="stmt" count="0"/>
        <line num="61" type="stmt" count="0"/>
        <line num="63" type="method" name="setEmail" visibility="public" complexity="1" crap="2" count="0"/>
        <line num="65" type="stmt" count="0"/>
        <line num="67" type="stmt" count="0"/>
        <line num="69" type="method" name="setCity" visibility="public" complexity="1" crap="2" count="0"/>
        <line num="71" type="stmt" count="0"/>
        <line num="73" type="stmt" count="0"/>
        <line num="83" type="method" name="__construct" visibility="public" complexity="1" crap="2" count="0"/>
        <line num="85" type="stmt" count="0"/>
        <line num="97" type="method" name="__construct" visibility="public" complexity="1" crap="2" count="0"/>
        <line num="99" type="stmt" count="0"/>
        <line num="105" type="method" name="batchInsert" visibility="public" complexity="1" crap="2" count="0"/>
        <line num="107" type="stmt" count="0"/>
        <line num="113" type="method" name="insert" visibility="public" complexity="1" crap="2" count="0"/>
        <line num="115" type="stmt" count="0"/>
        <line num="147" type="method" name="run" visibility="public" complexity="11" crap="132" count="0"/>
        <line num="150" type="stmt" count="0"/>
        <line num="151" type="stmt" count="0"/>
        <line num="152" type="stmt" count="0"/>
        <line num="153" type="stmt" count="0"/>
        <line num="154" type="stmt" count="0"/>
        <line num="157" type="stmt" count="0"/>
        <line num="159" type="stmt" count="0"/>
        <line num="160" type="stmt" count="0"/>
        <line num="162" type="stmt" count="0"/>
        <line num="164" type="stmt" count="0"/>
        <line num="165" type="stmt" count="0"/>
        <line num="166" type="stmt" count="0"/>
        <line num="167" type="stmt" count="0"/>
        <line num="168" type="stmt" count="0"/>
        <line num="169" type="stmt" count="0"/>
        <line num="170" type="stmt" count="0"/>
        <line num="171" type="stmt" count="0"/>
        <line num="172" type="stmt" count="0"/>
        <line num="173" type="stmt" count="0"/>
        <line num="174" type="stmt" count="0"/>
        <line num="175" type="stmt" count="0"/>
        <line num="176" type="stmt" count="0"/>
        <line num="177" type="stmt" count="0"/>
        <line num="180" type="stmt" count="0"/>
        <line num="182" type="stmt" count="0"/>
        <line num="183" type="stmt" count="0"/>
        <line num="186" type="stmt" count="0"/>
        <line num="187" type="stmt" count="0"/>
        <line num="188" type="stmt" count="0"/>
        <line num="189" type="stmt" count="0"/>
        <line num="190" type="stmt" count="0"/>
        <line num="191" type="stmt" count="0"/>
        <line num="192" type="stmt" count="0"/>
        <line num="193" type="stmt" count="0"/>
        <line num="194" type="stmt" count="0"/>
        <line num="195" type="stmt" count="0"/>
        <line num="196" type="stmt" count="0"/>
        <line num="197" type="stmt" count="0"/>
        <line num="201" type="stmt" count="0"/>
        <line num="202" type="stmt" count="0"/>
        <line num="204" type="stmt" count="0"/>
        <line num="205" type="stmt" count="0"/>
        <line num="206" type="stmt" count="0"/>
        <line num="207" type="stmt" count="0"/>
        <line num="209" type="stmt" count="0"/>
        <line num="210" type="stmt" count="0"/>
        <line num="211" type="stmt" count="0"/>
        <line num="214" type="stmt" count="0"/>
        <line num="215" type="stmt" count="0"/>
        <line num="217" type="stmt" count="0"/>
        <line num="218" type="stmt" count="0"/>
        <line num="219" type="stmt" count="0"/>
        <line num="220" type="stmt" count="0"/>
        <line num="221" type="stmt" count="0"/>
        <line num="222" type="stmt" count="0"/>
        <line num="225" type="stmt" count="0"/>
        <line num="227" type="stmt" count="0"/>
        <line num="229" type="stmt" count="0"/>
        <line num="230" type="stmt" count="0"/>
        <line num="231" type="stmt" count="0"/>
        <line num="233" type="stmt" count="0"/>
        <line num="234" type="stmt" count="0"/>
        <line num="236" type="stmt" count="0"/>
        <line num="237" type="stmt" count="0"/>
        <line num="238" type="stmt" count="0"/>
        <line num="240" type="stmt" count="0"/>
        <line num="241" type="stmt" count="0"/>
        <line num="242" type="stmt" count="0"/>
        <line num="243" type="stmt" count="0"/>
        <line num="244" type="stmt" count="0"/>
        <line num="247" type="stmt" count="0"/>
        <line num="248" type="stmt" count="0"/>
        <line num="249" type="stmt" count="0"/>
        <line num="251" type="stmt" count="0"/>
        <line num="252" type="stmt" count="0"/>
        <line num="254" type="stmt" count="0"/>
        <line num="255" type="stmt" count="0"/>
        <line num="256" type="stmt" count="0"/>
        <line num="258" type="stmt" count="0"/>
        <line num="259" type="stmt" count="0"/>
        <line num="260" type="stmt" count="0"/>
        <line num="262" type="stmt" count="0"/>
        <line num="263" type="stmt" count="0"/>
        <line num="264" type="stmt" count="0"/>
        <line num="265" type="stmt" count="0"/>
        <line num="266" type="stmt" count="0"/>
        <line num="269" type="stmt" count="0"/>
        <line num="270" type="stmt" count="0"/>
        <line num="271" type="stmt" count="0"/>
        <line num="272" type="stmt" count="0"/>
        <line num="275" type="stmt" count="0"/>
        <line num="276" type="stmt" count="0"/>
        <line num="281" type="stmt" count="0"/>
        <line num="282" type="stmt" count="0"/>
        <line num="283" type="stmt" count="0"/>
        <line num="284" type="stmt" count="0"/>
        <line num="287" type="stmt" count="0"/>
        <line num="289" type="stmt" count="0"/>
        <line num="290" type="stmt" count="0"/>
        <line num="291" type="stmt" count="0"/>
        <line num="292" type="stmt" count="0"/>
        <line num="293" type="stmt" count="0"/>
        <line num="294" type="stmt" count="0"/>
        <line num="295" type="stmt" count="0"/>
        <line num="296" type="stmt" count="0"/>
        <line num="297" type="stmt" count="0"/>
        <line num="298" type="stmt" count="0"/>
        <line num="299" type="stmt" count="0"/>
        <line num="300" type="stmt" count="0"/>
        <line num="301" type="stmt" count="0"/>
        <line num="302" type="stmt" count="0"/>
        <line num="303" type="stmt" count="0"/>
        <line num="304" type="stmt" count="0"/>
        <line num="305" type="stmt" count="0"/>
        <line num="308" type="method" name="resetSharedSingletons" visibility="private" complexity="4" crap="20" count="0"/>
        <line num="310" type="stmt" count="0"/>
        <line num="311" type="stmt" count="0"/>
        <line num="312" type="stmt" count="0"/>
        <line num="313" type="stmt" count="0"/>
        <line num="314" type="stmt" count="0"/>
        <line num="315" type="stmt" count="0"/>
        <line num="316" type="stmt" count="0"/>
        <line num="317" type="stmt" count="0"/>
        <line num="318" type="stmt" count="0"/>
        <line num="319" type="stmt" count="0"/>
        <line num="321" type="stmt" count="0"/>
        <metrics loc="326" ncloc="275" classes="4" methods="13" coveredmethods="0" conditionals="0" coveredconditionals="0" statements="142" coveredstatements="0" elements="155" coveredelements="0"/>
      </file>
      <file name="/home/erik-poehler/Sites/dom-orm/src/Command/Validate.php">
        <class name="DOM\ORM\Command\Validate" namespace="DOM\ORM\Command">
          <metrics complexity="1" methods="1" coveredmethods="0" conditionals="0" coveredconditionals="0" statements="1" coveredstatements="0" elements="2" coveredelements="0"/>
        </class>
        <line num="8" type="method" name="run" visibility="public" complexity="1" crap="2" count="0"/>
        <line num="10" type="stmt" count="0"/>
        <metrics loc="12" ncloc="12" classes="1" methods="1" coveredmethods="0" conditionals="0" coveredconditionals="0" statements="1" coveredstatements="0" elements="2" coveredelements="0"/>
      </file>
    </package>
    <package name="DOM\ORM\Encryption">
      <file name="/home/erik-poehler/Sites/dom-orm/src/Encryption/EncryptedValue.php">
        <class name="DOM\ORM\Encryption\EncryptedValue" namespace="DOM\ORM\Encryption">
          <metrics complexity="1" methods="1" coveredmethods="0" conditionals="0" coveredconditionals="0" statements="1" coveredstatements="0" elements="2" coveredelements="0"/>
        </class>
        <line num="13" type="method" name="__construct" visibility="public" complexity="1" crap="2" count="0"/>
        <line num="23" type="stmt" count="0"/>
        <metrics loc="25" ncloc="15" classes="1" methods="1" coveredmethods="0" conditionals="0" coveredconditionals="0" statements="1" coveredstatements="0" elements="2" coveredelements="0"/>
      </file>
      <file name="/home/erik-poehler/Sites/dom-orm/src/Encryption/EncryptionService.php">
        <class name="DOM\ORM\Encryption\EncryptionService" namespace="DOM\ORM\Encryption">
          <metrics complexity="11" methods="5" coveredmethods="0" conditionals="0" coveredconditionals="0" statements="45" coveredstatements="6" elements="50" coveredelements="6"/>
        </class>
        <line num="28" type="method" name="__construct" visibility="public" complexity="1" crap="2" count="0"/>
        <line num="30" type="stmt" count="0"/>
        <line num="31" type="stmt" count="0"/>
        <line num="34" type="method" name="fromConfig" visibility="public" complexity="3" crap="3.03" count="14"/>
        <line num="36" type="stmt" count="14"/>
        <line num="37" type="stmt" count="14"/>
        <line num="39" type="stmt" count="14"/>
        <line num="40" type="stmt" count="14"/>
        <line num="41" type="stmt" count="14"/>
        <line num="42" type="stmt" count="14"/>
        <line num="45" type="stmt" count="0"/>
        <line num="48" type="method" name="encrypt" visibility="public" complexity="2" crap="6" count="0"/>
        <line num="50" type="stmt" count="0"/>
        <line num="51" type="stmt" count="0"/>
        <line num="53" type="stmt" count="0"/>
        <line num="54" type="stmt" count="0"/>
        <line num="55" type="stmt" count="0"/>
        <line num="56" type="stmt" count="0"/>
        <line num="57" type="stmt" count="0"/>
        <line num="58" type="stmt" count="0"/>
        <line num="59" type="stmt" count="0"/>
        <line num="60" type="stmt" count="0"/>
        <line num="61" type="stmt" count="0"/>
        <line num="62" type="stmt" count="0"/>
        <line num="64" type="stmt" count="0"/>
        <line num="65" type="stmt" count="0"/>
        <line num="68" type="stmt" count="0"/>
        <line num="71" type="method" name="decrypt" visibility="public" complexity="4" crap="20" count="0"/>
        <line num="73" type="stmt" count="0"/>
        <line num="75" type="stmt" count="0"/>
        <line num="76" type="stmt" count="0"/>
        <line num="79" type="stmt" count="0"/>
        <line num="81" type="stmt" count="0"/>
        <line num="82" type="stmt" count="0"/>
        <line num="85" type="stmt" count="0"/>
        <line num="86" type="stmt" count="0"/>
        <line num="87" type="stmt" count="0"/>
        <line num="89" type="stmt" count="0"/>
        <line num="90" type="stmt" count="0"/>
        <line num="91" type="stmt" count="0"/>
        <line num="92" type="stmt" count="0"/>
        <line num="93" type="stmt" count="0"/>
        <line num="94" type="stmt" count="0"/>
        <line num="95" type="stmt" count="0"/>
        <line num="96" type="stmt" count="0"/>
        <line num="98" type="stmt" count="0"/>
        <line num="99" type="stmt" count="0"/>
        <line num="102" type="stmt" count="0"/>
        <line num="109" type="method" name="searchHash" visibility="public" complexity="1" crap="2" count="0"/>
        <line num="111" type="stmt" count="0"/>
        <metrics loc="114" ncloc="100" classes="1" methods="5" coveredmethods="0" conditionals="0" coveredconditionals="0" statements="45" coveredstatements="6" elements="50" coveredelements="6"/>
      </file>
    </package>
    <package name="DOM\ORM\Entity">
      <file name="/home/erik-poehler/Sites/dom-orm/src/Entity/AbstractEntity.php">
        <class name="DOM\ORM\Entity\AbstractEntity" namespace="DOM\ORM\Entity">
          <metrics complexity="10" methods="10" coveredmethods="9" conditionals="0" coveredconditionals="0" statements="15" coveredstatements="14" elements="25" coveredelements="23"/>
        </class>
        <line num="29" type="method" name="__construct" visibility="public" complexity="1" crap="1" count="70"/>
        <line num="31" type="stmt" count="70"/>
        <line num="32" type="stmt" count="70"/>
        <line num="35" type="method" name="getId" visibility="public" complexity="1" crap="1" count="32"/>
        <line num="37" type="stmt" count="32"/>
        <line num="40" type="method" name="setId" visibility="public" complexity="1" crap="1" count="28"/>
        <line num="42" type="stmt" count="28"/>
        <line num="44" type="stmt" count="28"/>
        <line num="47" type="method" name="getDeletedAt" visibility="public" complexity="1" crap="1" count="29"/>
        <line num="49" type="stmt" count="29"/>
        <line num="52" type="method" name="setDeletedAt" visibility="public" complexity="1" crap="1" count="1"/>
        <line num="54" type="stmt" count="1"/>
        <line num="56" type="stmt" count="1"/>
        <line num="59" type="method" name="getCreatedAt" visibility="public" complexity="1" crap="1" count="31"/>
        <line num="61" type="stmt" count="31"/>
        <line num="64" type="method" name="setCreatedAt" visibility="public" complexity="1" crap="1" count="1"/>
        <line num="66" type="stmt" count="1"/>
        <line num="68" type="stmt" count="1"/>
        <line num="71" type="method" name="getUpdatedAt" visibility="public" complexity="1" crap="1" count="29"/>
        <line num="73" type="stmt" count="29"/>
        <line num="76" type="method" name="setUpdatedAt" visibility="public" complexity="1" crap="1" count="1"/>
        <line num="78" type="stmt" count="1"/>
        <line num="80" type="stmt" count="1"/>
        <line num="83" type="method" name="hasAllowedParentPaths" visibility="public" complexity="1" crap="2" count="0"/>
        <line num="85" type="stmt" count="0"/>
        <metrics loc="88" ncloc="85" classes="1" methods="10" coveredmethods="9" conditionals="0" coveredconditionals="0" statements="15" coveredstatements="14" elements="25" coveredelements="23"/>
      </file>
      <file name="/home/erik-poehler/Sites/dom-orm/src/Entity/Data.php">
        <class name="DOM\ORM\Entity\Data" namespace="DOM\ORM\Entity">
          <metrics complexity="0" methods="0" coveredmethods="0" conditionals="0" coveredconditionals="0" statements="0" coveredstatements="0" elements="0" coveredelements="0"/>
        </class>
        <metrics loc="26" ncloc="17" classes="0" methods="0" coveredmethods="0" conditionals="0" coveredconditionals="0" statements="0" coveredstatements="0" elements="0" coveredelements="0"/>
      </file>
    </package>
    <file name="/home/erik-poehler/Sites/dom-orm/src/Entity/EntityInterface.php">
      <metrics loc="25" ncloc="25" classes="0" methods="0" coveredmethods="0" conditionals="0" coveredconditionals="0" statements="0" coveredstatements="0" elements="0" coveredelements="0"/>
    </file>
    <package name="DOM\ORM\Mapping">
      <file name="/home/erik-poehler/Sites/dom-orm/src/Mapping/Exclude.php">
        <class name="DOM\ORM\Mapping\Exclude" namespace="DOM\ORM\Mapping">
          <metrics complexity="0" methods="0" coveredmethods="0" conditionals="0" coveredconditionals="0" statements="0" coveredstatements="0" elements="0" coveredelements="0"/>
        </class>
        <metrics loc="17" ncloc="11" classes="0" methods="0" coveredmethods="0" conditionals="0" coveredconditionals="0" statements="0" coveredstatements="0" elements="0" coveredelements="0"/>
      </file>
      <file name="/home/erik-poehler/Sites/dom-orm/src/Mapping/Fragment.php">
        <class name="DOM\ORM\Mapping\Fragment" namespace="DOM\ORM\Mapping">
          <metrics complexity="1" methods="1" coveredmethods="1" conditionals="0" coveredconditionals="0" statements="1" coveredstatements="1" elements="2" coveredelements="2"/>
        </class>
        <line num="14" type="method" name="__construct" visibility="public" complexity="1" crap="1" count="27"/>
        <line num="20" type="stmt" count="27"/>
        <metrics loc="22" ncloc="22" classes="1" methods="1" coveredmethods="1" conditionals="0" coveredconditionals="0" statements="1" coveredstatements="1" elements="2" coveredelements="2"/>
      </file>
      <file name="/home/erik-poehler/Sites/dom-orm/src/Mapping/FragmentMap.php">
        <class name="DOM\ORM\Mapping\FragmentMap" namespace="DOM\ORM\Mapping">
          <metrics complexity="1" methods="1" coveredmethods="0" conditionals="0" coveredconditionals="0" statements="1" coveredstatements="0" elements="2" coveredelements="0"/>
        </class>
        <line num="35" type="method" name="__construct" visibility="public" complexity="1" crap="2" count="0"/>
        <line num="38" type="stmt" count="0"/>
        <metrics loc="40" ncloc="15" classes="1" methods="1" coveredmethods="0" conditionals="0" coveredconditionals="0" statements="1" coveredstatements="0" elements="2" coveredelements="0"/>
      </file>
      <file name="/home/erik-poehler/Sites/dom-orm/src/Mapping/Group.php">
        <class name="DOM\ORM\Mapping\Group" namespace="DOM\ORM\Mapping">
          <metrics complexity="1" methods="1" coveredmethods="1" conditionals="0" coveredconditionals="0" statements="1" coveredstatements="1" elements="2" coveredelements="2"/>
        </class>
        <line num="15" type="method" name="__construct" visibility="public" complexity="1" crap="1" count="10"/>
        <line num="21" type="stmt" count="10"/>
        <metrics loc="23" ncloc="20" classes="1" methods="1" coveredmethods="1" conditionals="0" coveredconditionals="0" statements="1" coveredstatements="1" elements="2" coveredelements="2"/>
      </file>
      <file name="/home/erik-poehler/Sites/dom-orm/src/Mapping/Item.php">
        <class name="DOM\ORM\Mapping\Item" namespace="DOM\ORM\Mapping">
          <metrics complexity="1" methods="1" coveredmethods="1" conditionals="0" coveredconditionals="0" statements="1" coveredstatements="1" elements="2" coveredelements="2"/>
        </class>
        <line num="13" type="method" name="__construct" visibility="public" complexity="1" crap="1" count="24"/>
        <line num="17" type="stmt" count="24"/>
        <metrics loc="19" ncloc="16" classes="1" methods="1" coveredmethods="1" conditionals="0" coveredconditionals="0" statements="1" coveredstatements="1" elements="2" coveredelements="2"/>
      </file>
      <file name="/home/erik-poehler/Sites/dom-orm/src/Mapping/Root.php">
        <class name="DOM\ORM\Mapping\Root" namespace="DOM\ORM\Mapping">
          <metrics complexity="0" methods="0" coveredmethods="0" conditionals="0" coveredconditionals="0" statements="0" coveredstatements="0" elements="0" coveredelements="0"/>
        </class>
        <metrics loc="12" ncloc="12" classes="0" methods="0" coveredmethods="0" conditionals="0" coveredconditionals="0" statements="0" coveredstatements="0" elements="0" coveredelements="0"/>
      </file>
      <file name="/home/erik-poehler/Sites/dom-orm/src/Mapping/Sensitive.php">
        <class name="DOM\ORM\Mapping\Sensitive" namespace="DOM\ORM\Mapping">
          <metrics complexity="0" methods="0" coveredmethods="0" conditionals="0" coveredconditionals="0" statements="0" coveredstatements="0" elements="0" coveredelements="0"/>
        </class>
        <metrics loc="17" ncloc="11" classes="0" methods="0" coveredmethods="0" conditionals="0" coveredconditionals="0" statements="0" coveredstatements="0" elements="0" coveredelements="0"/>
      </file>
      <file name="/home/erik-poehler/Sites/dom-orm/src/Mapping/UniqueConstraint.php">
        <class name="DOM\ORM\Mapping\UniqueConstraint" namespace="DOM\ORM\Mapping">
          <metrics complexity="1" methods="1" coveredmethods="0" conditionals="0" coveredconditionals="0" statements="1" coveredstatements="0" elements="2" coveredelements="0"/>
        </class>
        <line num="13" type="method" name="__construct" visibility="public" complexity="1" crap="2" count="0"/>
        <line num="16" type="stmt" count="0"/>
        <metrics loc="18" ncloc="15" classes="1" methods="1" coveredmethods="0" conditionals="0" coveredconditionals="0" statements="1" coveredstatements="0" elements="2" coveredelements="0"/>
      </file>
    </package>
    <package name="DOM\ORM\Repository">
      <file name="/home/erik-poehler/Sites/dom-orm/src/Repository/AbstractEntityRepository.php">
        <class name="DOM\ORM\Repository\AbstractEntityRepository" namespace="DOM\ORM\Repository">
          <metrics complexity="55" methods="12" coveredmethods="3" conditionals="0" coveredconditionals="0" statements="125" coveredstatements="52" elements="137" coveredelements="55"/>
        </class>
        <line num="26" type="method" name="__construct" visibility="public" complexity="1" crap="1" count="4"/>
        <line num="28" type="stmt" count="4"/>
        <line num="29" type="stmt" count="4"/>
        <line num="30" type="stmt" count="4"/>
        <line num="31" type="stmt" count="4"/>
        <line num="32" type="stmt" count="4"/>
        <line num="35" type="method" name="getEntityType" visibility="public" complexity="1" crap="1" count="1"/>
        <line num="37" type="stmt" count="1"/>
        <line num="43" type="method" name="findAll" visibility="public" complexity="5" crap="8.90" count="1"/>
        <line num="45" type="stmt" count="1"/>
        <line num="46" type="stmt" count="1"/>
        <line num="47" type="stmt" count="0"/>
        <line num="48" type="stmt" count="0"/>
        <line num="49" type="stmt" count="0"/>
        <line num="52" type="stmt" count="0"/>
        <line num="55" type="stmt" count="1"/>
        <line num="56" type="stmt" count="1"/>
        <line num="57" type="stmt" count="0"/>
        <line num="60" type="stmt" count="1"/>
        <line num="61" type="stmt" count="1"/>
        <line num="64" type="stmt" count="0"/>
        <line num="66" type="stmt" count="0"/>
        <line num="69" type="method" name="find" visibility="public" complexity="10" crap="25.89" count="1"/>
        <line num="71" type="stmt" count="1"/>
        <line num="72" type="stmt" count="1"/>
        <line num="73" type="stmt" count="0"/>
        <line num="74" type="stmt" count="0"/>
        <line num="75" type="stmt" count="0"/>
        <line num="78" type="stmt" count="0"/>
        <line num="80" type="stmt" count="0"/>
        <line num="83" type="stmt" count="1"/>
        <line num="84" type="stmt" count="1"/>
        <line num="85" type="stmt" count="1"/>
        <line num="86" type="stmt" count="1"/>
        <line num="87" type="stmt" count="1"/>
        <line num="88" type="stmt" count="1"/>
        <line num="89" type="stmt" count="0"/>
        <line num="92" type="stmt" count="1"/>
        <line num="93" type="stmt" count="0"/>
        <line num="96" type="stmt" count="1"/>
        <line num="97" type="stmt" count="1"/>
        <line num="100" type="stmt" count="0"/>
        <line num="102" type="stmt" count="0"/>
        <line num="104" type="stmt" count="0"/>
        <line num="105" type="stmt" count="0"/>
        <line num="109" type="stmt" count="0"/>
        <line num="111" type="stmt" count="0"/>
        <line num="119" type="method" name="findBy" visibility="public" complexity="8" crap="72" count="0"/>
        <line num="121" type="stmt" count="0"/>
        <line num="122" type="stmt" count="0"/>
        <line num="126" type="stmt" count="0"/>
        <line num="127" type="stmt" count="0"/>
        <line num="129" type="stmt" count="0"/>
        <line num="130" type="stmt" count="0"/>
        <line num="131" type="stmt" count="0"/>
        <line num="135" type="stmt" count="0"/>
        <line num="136" type="stmt" count="0"/>
        <line num="137" type="stmt" count="0"/>
        <line num="138" type="stmt" count="0"/>
        <line num="141" type="stmt" count="0"/>
        <line num="142" type="stmt" count="0"/>
        <line num="145" type="stmt" count="0"/>
        <line num="146" type="stmt" count="0"/>
        <line num="147" type="stmt" count="0"/>
        <line num="148" type="stmt" count="0"/>
        <line num="151" type="stmt" count="0"/>
        <line num="153" type="stmt" count="0"/>
        <line num="160" type="method" name="findOneBy" visibility="public" complexity="14" crap="52.37" count="1"/>
        <line num="162" type="stmt" count="1"/>
        <line num="163" type="stmt" count="0"/>
        <line num="167" type="stmt" count="1"/>
        <line num="168" type="stmt" count="1"/>
        <line num="169" type="stmt" count="0"/>
        <line num="170" type="stmt" count="0"/>
        <line num="172" type="stmt" count="0"/>
        <line num="174" type="stmt" count="0"/>
        <line num="178" type="stmt" count="1"/>
        <line num="179" type="stmt" count="1"/>
        <line num="180" type="stmt" count="0"/>
        <line num="181" type="stmt" count="0"/>
        <line num="184" type="stmt" count="1"/>
        <line num="185" type="stmt" count="1"/>
        <line num="188" type="stmt" count="1"/>
        <line num="189" type="stmt" count="1"/>
        <line num="190" type="stmt" count="1"/>
        <line num="191" type="stmt" count="0"/>
        <line num="194" type="stmt" count="1"/>
        <line num="195" type="stmt" count="1"/>
        <line num="196" type="stmt" count="1"/>
        <line num="199" type="stmt" count="0"/>
        <line num="200" type="stmt" count="0"/>
        <line num="201" type="stmt" count="0"/>
        <line num="205" type="stmt" count="0"/>
        <line num="206" type="stmt" count="0"/>
        <line num="207" type="stmt" count="0"/>
        <line num="208" type="stmt" count="0"/>
        <line num="209" type="stmt" count="0"/>
        <line num="213" type="stmt" count="0"/>
        <line num="215" type="stmt" count="0"/>
        <line num="218" type="method" name="remove" visibility="public" complexity="1" crap="2" count="0"/>
        <line num="220" type="stmt" count="0"/>
        <line num="229" type="method" name="getQueryCache" visibility="private" complexity="4" crap="4.13" count="3"/>
        <line num="231" type="stmt" count="3"/>
        <line num="232" type="stmt" count="0"/>
        <line num="234" type="stmt" count="3"/>
        <line num="235" type="stmt" count="3"/>
        <line num="237" type="stmt" count="3"/>
        <line num="243" type="method" name="queryNodes" visibility="private" complexity="2" crap="2" count="3"/>
        <line num="245" type="stmt" count="3"/>
        <line num="247" type="stmt" count="3"/>
        <line num="250" type="method" name="xpathLiteral" visibility="private" complexity="3" crap="12" count="0"/>
        <line num="252" type="stmt" count="0"/>
        <line num="253" type="stmt" count="0"/>
        <line num="256" type="stmt" count="0"/>
        <line num="257" type="stmt" count="0"/>
        <line num="260" type="stmt" count="0"/>
        <line num="261" type="stmt" count="0"/>
        <line num="263" type="stmt" count="0"/>
        <line num="266" type="method" name="toXPathValue" visibility="private" complexity="3" crap="3.33" count="4"/>
        <line num="268" type="stmt" count="4"/>
        <line num="269" type="stmt" count="4"/>
        <line num="272" type="stmt" count="0"/>
        <line num="280" type="method" name="buildFragmentPredicate" visibility="private" complexity="3" crap="3.71" count="1"/>
        <line num="282" type="stmt" count="1"/>
        <line num="285" type="stmt" count="1"/>
        <line num="286" type="stmt" count="1"/>
        <line num="288" type="stmt" count="0"/>
        <line num="290" type="stmt" count="0"/>
        <line num="291" type="stmt" count="0"/>
        <line num="292" type="stmt" count="0"/>
        <line num="293" type="stmt" count="0"/>
        <line num="294" type="stmt" count="0"/>
        <line num="297" type="stmt" count="1"/>
        <line num="298" type="stmt" count="1"/>
        <line num="299" type="stmt" count="1"/>
        <line num="300" type="stmt" count="1"/>
        <line num="301" type="stmt" count="1"/>
        <metrics loc="304" ncloc="266" classes="1" methods="12" coveredmethods="3" conditionals="0" coveredconditionals="0" statements="125" coveredstatements="52" elements="137" coveredelements="55"/>
      </file>
      <file name="/home/erik-poehler/Sites/dom-orm/src/Repository/EntityRepository.php">
        <class name="DOM\ORM\Repository\EntityRepository" namespace="DOM\ORM\Repository">
          <metrics complexity="2" methods="1" coveredmethods="1" conditionals="0" coveredconditionals="0" statements="4" coveredstatements="4" elements="5" coveredelements="5"/>
        </class>
        <line num="10" type="method" name="__construct" visibility="public" complexity="2" crap="2" count="5"/>
        <line num="12" type="stmt" count="5"/>
        <line num="13" type="stmt" count="5"/>
        <line num="14" type="stmt" count="1"/>
        <line num="16" type="stmt" count="4"/>
        <metrics loc="19" ncloc="19" classes="1" methods="1" coveredmethods="1" conditionals="0" coveredconditionals="0" statements="4" coveredstatements="4" elements="5" coveredelements="5"/>
      </file>
    </package>
    <file name="/home/erik-poehler/Sites/dom-orm/src/Repository/EntityRepositoryInterface.php">
      <metrics loc="34" ncloc="22" classes="0" methods="0" coveredmethods="0" conditionals="0" coveredconditionals="0" statements="0" coveredstatements="0" elements="0" coveredelements="0"/>
    </file>
    <package name="DOM\ORM\Serializer\Encoder">
      <file name="/home/erik-poehler/Sites/dom-orm/src/Serializer/Encoder/SchemaDecoder.php">
        <class name="DOM\ORM\Serializer\Encoder\SchemaDecoder" namespace="DOM\ORM\Serializer\Encoder">
          <metrics complexity="29" methods="7" coveredmethods="1" conditionals="0" coveredconditionals="0" statements="74" coveredstatements="3" elements="81" coveredelements="4"/>
        </class>
        <line num="15" type="method" name="__construct" visibility="public" complexity="1" crap="1" count="11"/>
        <line num="17" type="stmt" count="11"/>
        <line num="18" type="stmt" count="11"/>
        <line num="19" type="stmt" count="11"/>
        <line num="22" type="method" name="supportsDecoding" visibility="public" complexity="1" crap="2" count="0"/>
        <line num="24" type="stmt" count="0"/>
        <line num="32" type="method" name="decode" visibility="public" complexity="15" crap="240" count="0"/>
        <line num="34" type="stmt" count="0"/>
        <line num="36" type="stmt" count="0"/>
        <line num="37" type="stmt" count="0"/>
        <line num="38" type="stmt" count="0"/>
        <line num="39" type="stmt" count="0"/>
        <line num="41" type="stmt" count="0"/>
        <line num="42" type="stmt" count="0"/>
        <line num="43" type="stmt" count="0"/>
        <line num="46" type="stmt" count="0"/>
        <line num="47" type="stmt" count="0"/>
        <line num="48" type="stmt" count="0"/>
        <line num="52" type="stmt" count="0"/>
        <line num="53" type="stmt" count="0"/>
        <line num="54" type="stmt" count="0"/>
        <line num="55" type="stmt" count="0"/>
        <line num="56" type="stmt" count="0"/>
        <line num="59" type="stmt" count="0"/>
        <line num="60" type="stmt" count="0"/>
        <line num="61" type="stmt" count="0"/>
        <line num="62" type="stmt" count="0"/>
        <line num="63" type="stmt" count="0"/>
        <line num="64" type="stmt" count="0"/>
        <line num="65" type="stmt" count="0"/>
        <line num="69" type="stmt" count="0"/>
        <line num="70" type="stmt" count="0"/>
        <line num="71" type="stmt" count="0"/>
        <line num="72" type="stmt" count="0"/>
        <line num="73" type="stmt" count="0"/>
        <line num="74" type="stmt" count="0"/>
        <line num="75" type="stmt" count="0"/>
        <line num="76" type="stmt" count="0"/>
        <line num="78" type="stmt" count="0"/>
        <line num="85" type="method" name="decodeData" visibility="private" complexity="3" crap="12" count="0"/>
        <line num="87" type="stmt" count="0"/>
        <line num="88" type="stmt" count="0"/>
        <line num="89" type="stmt" count="0"/>
        <line num="90" type="stmt" count="0"/>
        <line num="92" type="stmt" count="0"/>
        <line num="95" type="stmt" count="0"/>
        <line num="96" type="stmt" count="0"/>
        <line num="97" type="stmt" count="0"/>
        <line num="104" type="method" name="decodeGroup" visibility="private" complexity="4" crap="20" count="0"/>
        <line num="106" type="stmt" count="0"/>
        <line num="107" type="stmt" count="0"/>
        <line num="108" type="stmt" count="0"/>
        <line num="109" type="stmt" count="0"/>
        <line num="110" type="stmt" count="0"/>
        <line num="112" type="stmt" count="0"/>
        <line num="113" type="stmt" count="0"/>
        <line num="114" type="stmt" count="0"/>
        <line num="118" type="stmt" count="0"/>
        <line num="119" type="stmt" count="0"/>
        <line num="120" type="stmt" count="0"/>
        <line num="127" type="method" name="decodeItem" visibility="private" complexity="4" crap="20" count="0"/>
        <line num="129" type="stmt" count="0"/>
        <line num="131" type="stmt" count="0"/>
        <line num="132" type="stmt" count="0"/>
        <line num="133" type="stmt" count="0"/>
        <line num="134" type="stmt" count="0"/>
        <line num="136" type="stmt" count="0"/>
        <line num="137" type="stmt" count="0"/>
        <line num="138" type="stmt" count="0"/>
        <line num="140" type="stmt" count="0"/>
        <line num="141" type="stmt" count="0"/>
        <line num="142" type="stmt" count="0"/>
        <line num="146" type="stmt" count="0"/>
        <line num="147" type="stmt" count="0"/>
        <line num="148" type="stmt" count="0"/>
        <line num="155" type="method" name="decodeFragment" visibility="private" complexity="1" crap="2" count="0"/>
        <line num="157" type="stmt" count="0"/>
        <line num="158" type="stmt" count="0"/>
        <line num="160" type="stmt" count="0"/>
        <line num="161" type="stmt" count="0"/>
        <line num="162" type="stmt" count="0"/>
        <metrics loc="165" ncloc="144" classes="1" methods="7" coveredmethods="1" conditionals="0" coveredconditionals="0" statements="74" coveredstatements="3" elements="81" coveredelements="4"/>
      </file>
      <file name="/home/erik-poehler/Sites/dom-orm/src/Serializer/Encoder/SchemaEncoder.php">
        <class name="DOM\ORM\Serializer\Encoder\SchemaEncoder" namespace="DOM\ORM\Serializer\Encoder">
          <metrics complexity="42" methods="8" coveredmethods="5" conditionals="0" coveredconditionals="0" statements="107" coveredstatements="86" elements="115" coveredelements="91"/>
        </class>
        <line num="16" type="method" name="__construct" visibility="public" complexity="1" crap="1" count="33"/>
        <line num="18" type="stmt" count="33"/>
        <line num="19" type="stmt" count="33"/>
        <line num="20" type="stmt" count="33"/>
        <line num="23" type="method" name="supportsEncoding" visibility="public" complexity="1" crap="1" count="2"/>
        <line num="25" type="stmt" count="2"/>
        <line num="31" type="method" name="encode" visibility="public" complexity="15" crap="16.21" count="24"/>
        <line num="33" type="stmt" count="24"/>
        <line num="34" type="stmt" count="2"/>
        <line num="39" type="stmt" count="23"/>
        <line num="40" type="stmt" count="23"/>
        <line num="41" type="stmt" count="23"/>
        <line num="42" type="stmt" count="23"/>
        <line num="45" type="stmt" count="23"/>
        <line num="46" type="stmt" count="23"/>
        <line num="48" type="stmt" count="23"/>
        <line num="49" type="stmt" count="23"/>
        <line num="51" type="stmt" count="23"/>
        <line num="52" type="stmt" count="0"/>
        <line num="55" type="stmt" count="23"/>
        <line num="56" type="stmt" count="23"/>
        <line num="57" type="stmt" count="23"/>
        <line num="59" type="stmt" count="23"/>
        <line num="60" type="stmt" count="1"/>
        <line num="61" type="stmt" count="1"/>
        <line num="63" type="stmt" count="1"/>
        <line num="64" type="stmt" count="1"/>
        <line num="65" type="stmt" count="1"/>
        <line num="67" type="stmt" count="0"/>
        <line num="70" type="stmt" count="22"/>
        <line num="71" type="stmt" count="0"/>
        <line num="72" type="stmt" count="0"/>
        <line num="73" type="stmt" count="0"/>
        <line num="74" type="stmt" count="0"/>
        <line num="75" type="stmt" count="0"/>
        <line num="78" type="stmt" count="22"/>
        <line num="79" type="stmt" count="4"/>
        <line num="82" type="stmt" count="22"/>
        <line num="83" type="stmt" count="22"/>
        <line num="84" type="stmt" count="22"/>
        <line num="85" type="stmt" count="22"/>
        <line num="86" type="stmt" count="22"/>
        <line num="87" type="stmt" count="22"/>
        <line num="88" type="stmt" count="22"/>
        <line num="89" type="stmt" count="22"/>
        <line num="93" type="stmt" count="22"/>
        <line num="95" type="stmt" count="22"/>
        <line num="102" type="method" name="decode" visibility="public" complexity="13" crap="13.29" count="11"/>
        <line num="104" type="stmt" count="11"/>
        <line num="106" type="stmt" count="11"/>
        <line num="107" type="stmt" count="10"/>
        <line num="108" type="stmt" count="10"/>
        <line num="109" type="stmt" count="1"/>
        <line num="111" type="stmt" count="9"/>
        <line num="112" type="stmt" count="9"/>
        <line num="113" type="stmt" count="9"/>
        <line num="116" type="stmt" count="10"/>
        <line num="117" type="stmt" count="10"/>
        <line num="118" type="stmt" count="0"/>
        <line num="122" type="stmt" count="10"/>
        <line num="123" type="stmt" count="9"/>
        <line num="124" type="stmt" count="9"/>
        <line num="125" type="stmt" count="9"/>
        <line num="126" type="stmt" count="9"/>
        <line num="129" type="stmt" count="10"/>
        <line num="131" type="stmt" count="10"/>
        <line num="132" type="stmt" count="10"/>
        <line num="133" type="stmt" count="0"/>
        <line num="134" type="stmt" count="9"/>
        <line num="135" type="stmt" count="9"/>
        <line num="136" type="stmt" count="0"/>
        <line num="137" type="stmt" count="10"/>
        <line num="139" type="stmt" count="10"/>
        <line num="146" type="method" name="decodeData" visibility="private" complexity="3" crap="3" count="10"/>
        <line num="148" type="stmt" count="10"/>
        <line num="149" type="stmt" count="10"/>
        <line num="150" type="stmt" count="9"/>
        <line num="151" type="stmt" count="6"/>
        <line num="153" type="stmt" count="9"/>
        <line num="156" type="stmt" count="10"/>
        <line num="157" type="stmt" count="10"/>
        <line num="158" type="stmt" count="10"/>
        <line num="165" type="method" name="decodeGroup" visibility="private" complexity="4" crap="20" count="0"/>
        <line num="167" type="stmt" count="0"/>
        <line num="168" type="stmt" count="0"/>
        <line num="169" type="stmt" count="0"/>
        <line num="170" type="stmt" count="0"/>
        <line num="171" type="stmt" count="0"/>
        <line num="173" type="stmt" count="0"/>
        <line num="174" type="stmt" count="0"/>
        <line num="175" type="stmt" count="0"/>
        <line num="179" type="stmt" count="0"/>
        <line num="180" type="stmt" count="0"/>
        <line num="181" type="stmt" count="0"/>
        <line num="188" type="method" name="decodeItem" visibility="private" complexity="4" crap="4" count="9"/>
        <line num="190" type="stmt" count="9"/>
        <line num="192" type="stmt" count="9"/>
        <line num="193" type="stmt" count="9"/>
        <line num="194" type="stmt" count="9"/>
        <line num="195" type="stmt" count="9"/>
        <line num="197" type="stmt" count="9"/>
        <line num="198" type="stmt" count="9"/>
        <line num="199" type="stmt" count="6"/>
        <line num="201" type="stmt" count="9"/>
        <line num="202" type="stmt" count="9"/>
        <line num="203" type="stmt" count="9"/>
        <line num="207" type="stmt" count="9"/>
        <line num="208" type="stmt" count="9"/>
        <line num="209" type="stmt" count="9"/>
        <line num="216" type="method" name="decodeFragment" visibility="private" complexity="1" crap="1" count="9"/>
        <line num="218" type="stmt" count="9"/>
        <line num="219" type="stmt" count="9"/>
        <line num="221" type="stmt" count="9"/>
        <line num="222" type="stmt" count="9"/>
        <line num="223" type="stmt" count="9"/>
        <metrics loc="226" ncloc="201" classes="1" methods="8" coveredmethods="5" conditionals="0" coveredconditionals="0" statements="107" coveredstatements="86" elements="115" coveredelements="91"/>
      </file>
    </package>
    <file name="/home/erik-poehler/Sites/dom-orm/src/Serializer/Encoder/SchemaDecoderInterface.php">
      <metrics loc="13" ncloc="10" classes="0" methods="0" coveredmethods="0" conditionals="0" coveredconditionals="0" statements="0" coveredstatements="0" elements="0" coveredelements="0"/>
    </file>
    <file name="/home/erik-poehler/Sites/dom-orm/src/Serializer/Encoder/SchemaEncoderInterface.php">
      <metrics loc="13" ncloc="10" classes="0" methods="0" coveredmethods="0" conditionals="0" coveredconditionals="0" statements="0" coveredstatements="0" elements="0" coveredelements="0"/>
    </file>
    <package name="DOM\ORM\Serializer\Normalizer">
      <file name="/home/erik-poehler/Sites/dom-orm/src/Serializer/Normalizer/SchemaDenormalizer.php">
        <class name="DOM\ORM\Serializer\Normalizer\SchemaDenormalizer" namespace="DOM\ORM\Serializer\Normalizer">
          <metrics complexity="73" methods="10" coveredmethods="4" conditionals="0" coveredconditionals="0" statements="145" coveredstatements="87" elements="155" coveredelements="91"/>
        </class>
        <line num="27" type="method" name="__construct" visibility="public" complexity="1" crap="1" count="41"/>
        <line num="30" type="stmt" count="41"/>
        <line num="32" type="method" name="denormalize" visibility="public" complexity="4" crap="4" count="28"/>
        <line num="34" type="stmt" count="28"/>
        <line num="37" type="stmt" count="28"/>
        <line num="40" type="stmt" count="28"/>
        <line num="41" type="stmt" count="27"/>
        <line num="42" type="stmt" count="27"/>
        <line num="43" type="stmt" count="27"/>
        <line num="44" type="stmt" count="27"/>
        <line num="47" type="stmt" count="27"/>
        <line num="50" type="stmt" count="1"/>
        <line num="53" type="method" name="supportsDenormalization" visibility="public" complexity="8" crap="72" count="0"/>
        <line num="59" type="stmt" count="0"/>
        <line num="60" type="stmt" count="0"/>
        <line num="61" type="stmt" count="0"/>
        <line num="64" type="stmt" count="0"/>
        <line num="66" type="stmt" count="0"/>
        <line num="67" type="stmt" count="0"/>
        <line num="68" type="stmt" count="0"/>
        <line num="69" type="stmt" count="0"/>
        <line num="73" type="stmt" count="0"/>
        <line num="74" type="stmt" count="0"/>
        <line num="75" type="stmt" count="0"/>
        <line num="79" type="stmt" count="0"/>
        <line num="80" type="stmt" count="0"/>
        <line num="83" type="stmt" count="0"/>
        <line num="86" type="method" name="getSupportedTypes" visibility="public" complexity="2" crap="2" count="1"/>
        <line num="88" type="stmt" count="1"/>
        <line num="90" type="stmt" count="1"/>
        <line num="91" type="stmt" count="1"/>
        <line num="93" type="stmt" count="1"/>
        <line num="96" type="method" name="hasCacheableSupportsMethod" visibility="public" complexity="1" crap="1" count="1"/>
        <line num="98" type="stmt" count="1"/>
        <line num="104" type="method" name="instantiateEntity" visibility="private" complexity="37" crap="98.38" count="27"/>
        <line num="106" type="stmt" count="27"/>
        <line num="107" type="stmt" count="27"/>
        <line num="110" type="stmt" count="27"/>
        <line num="111" type="stmt" count="27"/>
        <line num="112" type="stmt" count="0"/>
        <line num="113" type="stmt" count="0"/>
        <line num="114" type="stmt" count="0"/>
        <line num="116" type="stmt" count="0"/>
        <line num="118" type="stmt" count="0"/>
        <line num="121" type="stmt" count="0"/>
        <line num="126" type="stmt" count="27"/>
        <line num="127" type="stmt" count="27"/>
        <line num="128" type="stmt" count="4"/>
        <line num="131" type="stmt" count="4"/>
        <line num="133" type="stmt" count="4"/>
        <line num="134" type="stmt" count="4"/>
        <line num="135" type="stmt" count="1"/>
        <line num="137" type="stmt" count="3"/>
        <line num="138" type="stmt" count="3"/>
        <line num="139" type="stmt" count="1"/>
        <line num="141" type="stmt" count="2"/>
        <line num="142" type="stmt" count="2"/>
        <line num="143" type="stmt" count="2"/>
        <line num="144" type="stmt" count="2"/>
        <line num="149" type="stmt" count="27"/>
        <line num="151" type="stmt" count="27"/>
        <line num="152" type="stmt" count="27"/>
        <line num="154" type="stmt" count="27"/>
        <line num="156" type="stmt" count="27"/>
        <line num="157" type="stmt" count="27"/>
        <line num="158" type="stmt" count="27"/>
        <line num="161" type="stmt" count="26"/>
        <line num="164" type="stmt" count="26"/>
        <line num="165" type="stmt" count="26"/>
        <line num="166" type="stmt" count="26"/>
        <line num="167" type="stmt" count="26"/>
        <line num="169" type="stmt" count="0"/>
        <line num="170" type="stmt" count="0"/>
        <line num="174" type="stmt" count="26"/>
        <line num="175" type="stmt" count="26"/>
        <line num="177" type="stmt" count="1"/>
        <line num="178" type="stmt" count="1"/>
        <line num="181" type="stmt" count="26"/>
        <line num="182" type="stmt" count="26"/>
        <line num="183" type="stmt" count="11"/>
        <line num="186" type="stmt" count="26"/>
        <line num="187" type="stmt" count="25"/>
        <line num="190" type="stmt" count="26"/>
        <line num="191" type="stmt" count="26"/>
        <line num="196" type="stmt" count="27"/>
        <line num="197" type="stmt" count="27"/>
        <line num="198" type="stmt" count="27"/>
        <line num="199" type="stmt" count="27"/>
        <line num="200" type="stmt" count="27"/>
        <line num="205" type="stmt" count="26"/>
        <line num="206" type="stmt" count="26"/>
        <line num="210" type="stmt" count="0"/>
        <line num="211" type="stmt" count="0"/>
        <line num="212" type="stmt" count="0"/>
        <line num="213" type="stmt" count="0"/>
        <line num="215" type="stmt" count="0"/>
        <line num="219" type="stmt" count="0"/>
        <line num="220" type="stmt" count="0"/>
        <line num="222" type="stmt" count="0"/>
        <line num="225" type="stmt" count="0"/>
        <line num="226" type="stmt" count="0"/>
        <line num="229" type="stmt" count="0"/>
        <line num="231" type="stmt" count="0"/>
        <line num="232" type="stmt" count="0"/>
        <line num="236" type="stmt" count="0"/>
        <line num="237" type="stmt" count="0"/>
        <line num="238" type="stmt" count="0"/>
        <line num="239" type="stmt" count="0"/>
        <line num="240" type="stmt" count="0"/>
        <line num="244" type="stmt" count="0"/>
        <line num="247" type="stmt" count="27"/>
        <line num="254" type="method" name="resolveFragmentDataTypes" visibility="private" complexity="3" crap="3.03" count="27"/>
        <line num="256" type="stmt" count="27"/>
        <line num="257" type="stmt" count="27"/>
        <line num="258" type="stmt" count="27"/>
        <line num="259" type="stmt" count="0"/>
        <line num="262" type="stmt" count="27"/>
        <line num="263" type="stmt" count="27"/>
        <line num="266" type="stmt" count="27"/>
        <line num="272" type="method" name="decodeJsonScalarArray" visibility="private" complexity="4" crap="12.58" count="1"/>
        <line num="275" type="stmt" count="1"/>
        <line num="276" type="stmt" count="0"/>
        <line num="277" type="stmt" count="0"/>
        <line num="278" type="stmt" count="0"/>
        <line num="279" type="stmt" count="0"/>
        <line num="280" type="stmt" count="0"/>
        <line num="281" type="stmt" count="0"/>
        <line num="282" type="stmt" count="0"/>
        <line num="285" type="stmt" count="1"/>
        <line num="286" type="stmt" count="0"/>
        <line num="287" type="stmt" count="0"/>
        <line num="288" type="stmt" count="0"/>
        <line num="289" type="stmt" count="0"/>
        <line num="290" type="stmt" count="0"/>
        <line num="291" type="stmt" count="0"/>
        <line num="294" type="stmt" count="1"/>
        <line num="300" type="method" name="isJsonScalarArray" visibility="private" complexity="6" crap="6.40" count="1"/>
        <line num="302" type="stmt" count="1"/>
        <line num="303" type="stmt" count="1"/>
        <line num="304" type="stmt" count="1"/>
        <line num="305" type="stmt" count="0"/>
        <line num="308" type="stmt" count="1"/>
        <line num="311" type="stmt" count="1"/>
        <line num="312" type="stmt" count="1"/>
        <line num="315" type="stmt" count="0"/>
        <line num="318" type="stmt" count="1"/>
        <line num="325" type="method" name="castScalar" visibility="private" complexity="7" crap="7.10" count="25"/>
        <line num="327" type="stmt" count="25"/>
        <line num="328" type="stmt" count="0"/>
        <line num="331" type="stmt" count="25"/>
        <line num="332" type="stmt" count="16"/>
        <line num="333" type="stmt" count="16"/>
        <line num="334" type="stmt" count="16"/>
        <line num="335" type="stmt" count="25"/>
        <line num="336" type="stmt" count="25"/>
        <metrics loc="339" ncloc="309" classes="1" methods="10" coveredmethods="4" conditionals="0" coveredconditionals="0" statements="145" coveredstatements="87" elements="155" coveredelements="91"/>
      </file>
      <file name="/home/erik-poehler/Sites/dom-orm/src/Serializer/Normalizer/SchemaNormalizer.php">
        <class name="DOM\ORM\Serializer\Normalizer\SchemaNormalizer" namespace="DOM\ORM\Serializer\Normalizer">
          <metrics complexity="46" methods="8" coveredmethods="3" conditionals="0" coveredconditionals="0" statements="104" coveredstatements="73" elements="112" coveredelements="76"/>
        </class>
        <line num="20" type="method" name="__construct" visibility="public" complexity="1" crap="1" count="36"/>
        <line num="23" type="stmt" count="36"/>
        <line num="29" type="method" name="normalize" visibility="public" complexity="26" crap="29.96" count="29"/>
        <line num="31" type="stmt" count="29"/>
        <line num="32" type="stmt" count="1"/>
        <line num="35" type="stmt" count="28"/>
        <line num="36" type="stmt" count="28"/>
        <line num="37" type="stmt" count="28"/>
        <line num="38" type="stmt" count="28"/>
        <line num="39" type="stmt" count="28"/>
        <line num="40" type="stmt" count="28"/>
        <line num="41" type="stmt" count="28"/>
        <line num="43" type="stmt" count="28"/>
        <line num="44" type="stmt" count="28"/>
        <line num="45" type="stmt" count="28"/>
        <line num="46" type="stmt" count="28"/>
        <line num="48" type="stmt" count="28"/>
        <line num="49" type="stmt" count="28"/>
        <line num="51" type="stmt" count="0"/>
        <line num="54" type="stmt" count="28"/>
        <line num="55" type="stmt" count="27"/>
        <line num="58" type="stmt" count="28"/>
        <line num="59" type="stmt" count="2"/>
        <line num="60" type="stmt" count="1"/>
        <line num="61" type="stmt" count="1"/>
        <line num="62" type="stmt" count="1"/>
        <line num="63" type="stmt" count="1"/>
        <line num="64" type="stmt" count="1"/>
        <line num="65" type="stmt" count="1"/>
        <line num="68" type="stmt" count="1"/>
        <line num="71" type="stmt" count="27"/>
        <line num="72" type="stmt" count="11"/>
        <line num="77" type="stmt" count="27"/>
        <line num="78" type="stmt" count="27"/>
        <line num="79" type="stmt" count="27"/>
        <line num="80" type="stmt" count="27"/>
        <line num="82" type="stmt" count="0"/>
        <line num="83" type="stmt" count="0"/>
        <line num="84" type="stmt" count="0"/>
        <line num="85" type="stmt" count="0"/>
        <line num="88" type="stmt" count="27"/>
        <line num="91" type="stmt" count="27"/>
        <line num="93" type="stmt" count="27"/>
        <line num="94" type="stmt" count="25"/>
        <line num="97" type="stmt" count="4"/>
        <line num="98" type="stmt" count="4"/>
        <line num="99" type="stmt" count="4"/>
        <line num="101" type="stmt" count="4"/>
        <line num="102" type="stmt" count="4"/>
        <line num="104" type="stmt" count="0"/>
        <line num="107" type="stmt" count="4"/>
        <line num="108" type="stmt" count="2"/>
        <line num="111" type="stmt" count="2"/>
        <line num="113" type="stmt" count="1"/>
        <line num="114" type="stmt" count="1"/>
        <line num="115" type="stmt" count="1"/>
        <line num="116" type="stmt" count="1"/>
        <line num="117" type="stmt" count="0"/>
        <line num="119" type="stmt" count="1"/>
        <line num="122" type="stmt" count="0"/>
        <line num="123" type="stmt" count="0"/>
        <line num="124" type="stmt" count="0"/>
        <line num="125" type="stmt" count="0"/>
        <line num="129" type="stmt" count="4"/>
        <line num="135" type="method" name="encodeJsonScalarArray" visibility="private" complexity="4" crap="12.19" count="1"/>
        <line num="137" type="stmt" count="1"/>
        <line num="138" type="stmt" count="1"/>
        <line num="139" type="stmt" count="0"/>
        <line num="140" type="stmt" count="0"/>
        <line num="141" type="stmt" count="0"/>
        <line num="142" type="stmt" count="0"/>
        <line num="143" type="stmt" count="0"/>
        <line num="144" type="stmt" count="0"/>
        <line num="148" type="stmt" count="1"/>
        <line num="149" type="stmt" count="0"/>
        <line num="150" type="stmt" count="0"/>
        <line num="151" type="stmt" count="0"/>
        <line num="152" type="stmt" count="0"/>
        <line num="153" type="stmt" count="0"/>
        <line num="154" type="stmt" count="0"/>
        <line num="161" type="method" name="isJsonScalarArray" visibility="private" complexity="6" crap="6.40" count="1"/>
        <line num="163" type="stmt" count="1"/>
        <line num="164" type="stmt" count="1"/>
        <line num="165" type="stmt" count="1"/>
        <line num="166" type="stmt" count="0"/>
        <line num="169" type="stmt" count="1"/>
        <line num="172" type="stmt" count="1"/>
        <line num="173" type="stmt" count="1"/>
        <line num="176" type="stmt" count="0"/>
        <line num="179" type="stmt" count="1"/>
        <line num="185" type="method" name="denormalize" visibility="public" complexity="1" crap="2" count="0"/>
        <line num="188" type="stmt" count="0"/>
        <line num="191" type="method" name="supportsNormalization" visibility="public" complexity="5" crap="6.81" count="3"/>
        <line num="196" type="stmt" count="3"/>
        <line num="197" type="stmt" count="1"/>
        <line num="200" type="stmt" count="2"/>
        <line num="201" type="stmt" count="0"/>
        <line num="204" type="stmt" count="2"/>
        <line num="205" type="stmt" count="0"/>
        <line num="206" type="stmt" count="0"/>
        <line num="207" type="stmt" count="0"/>
        <line num="209" type="stmt" count="0"/>
        <line num="212" type="stmt" count="2"/>
        <line num="213" type="stmt" count="1"/>
        <line num="216" type="stmt" count="1"/>
        <line num="219" type="method" name="getSupportedTypes" visibility="public" complexity="2" crap="2" count="1"/>
        <line num="221" type="stmt" count="1"/>
        <line num="223" type="stmt" count="1"/>
        <line num="224" type="stmt" count="1"/>
        <line num="226" type="stmt" count="1"/>
        <line num="229" type="method" name="hasCacheableSupportsMethod" visibility="public" complexity="1" crap="1" count="1"/>
        <line num="231" type="stmt" count="1"/>
        <metrics loc="234" ncloc="218" classes="1" methods="8" coveredmethods="3" conditionals="0" coveredconditionals="0" statements="104" coveredstatements="73" elements="112" coveredelements="76"/>
      </file>
    </package>
    <package name="DOM\ORM\Serializer">
      <file name="/home/erik-poehler/Sites/dom-orm/src/Serializer/SchemaSerializer.php">
        <class name="DOM\ORM\Serializer\SchemaSerializer" namespace="DOM\ORM\Serializer">
          <metrics complexity="8" methods="8" coveredmethods="3" conditionals="0" coveredconditionals="0" statements="10" coveredstatements="3" elements="18" coveredelements="6"/>
        </class>
        <line num="14" type="method" name="__construct" visibility="public" complexity="1" crap="1" count="11"/>
        <line num="20" type="stmt" count="11"/>
        <line num="22" type="method" name="getSupportedTypes" visibility="public" complexity="1" crap="2" count="0"/>
        <line num="24" type="stmt" count="0"/>
        <line num="25" type="stmt" count="0"/>
        <line num="26" type="stmt" count="0"/>
        <line num="33" type="method" name="normalize" visibility="public" complexity="1" crap="1" count="9"/>
        <line num="35" type="stmt" count="9"/>
        <line num="38" type="method" name="denormalize" visibility="public" complexity="1" crap="2" count="0"/>
        <line num="40" type="stmt" count="0"/>
        <line num="46" type="method" name="encode" visibility="public" complexity="1" crap="1" count="9"/>
        <line num="48" type="stmt" count="9"/>
        <line num="55" type="method" name="decode" visibility="public" complexity="1" crap="2" count="0"/>
        <line num="57" type="stmt" count="0"/>
        <line num="60" type="method" name="supportsNormalization" visibility="public" complexity="1" crap="2" count="0"/>
        <line num="62" type="stmt" count="0"/>
        <line num="65" type="method" name="supportsDenormalization" visibility="public" complexity="1" crap="2" count="0"/>
        <line num="67" type="stmt" count="0"/>
        <metrics loc="70" ncloc="59" classes="1" methods="8" coveredmethods="3" conditionals="0" coveredconditionals="0" statements="10" coveredstatements="3" elements="18" coveredelements="6"/>
      </file>
    </package>
    <package name="DOM\ORM\Storage">
      <file name="/home/erik-poehler/Sites/dom-orm/src/Storage/QueryCache.php">
        <class name="DOM\ORM\Storage\QueryCache" namespace="DOM\ORM\Storage">
          <metrics complexity="59" methods="13" coveredmethods="3" conditionals="0" coveredconditionals="0" statements="156" coveredstatements="39" elements="169" coveredelements="42"/>
        </class>
        <line num="34" type="method" name="getCachePath" visibility="public" complexity="1" crap="1" count="12"/>
        <line num="36" type="stmt" count="12"/>
        <line num="42" type="method" name="getStrategy" visibility="public" complexity="1" crap="1" count="1"/>
        <line num="44" type="stmt" count="1"/>
        <line num="50" type="method" name="isEnabled" visibility="public" complexity="1" crap="1" count="12"/>
        <line num="52" type="stmt" count="12"/>
        <line num="58" type="method" name="exists" visibility="public" complexity="2" crap="6" count="0"/>
        <line num="60" type="stmt" count="0"/>
        <line num="62" type="stmt" count="0"/>
[...]
        <line num="117" type="stmt" count="0"/>
        <line num="118" type="stmt" count="0"/>
        <line num="120" type="stmt" count="0"/>
        <line num="121" type="stmt" count="0"/>
        <line num="122" type="stmt" count="0"/>
        <line num="123" type="stmt" count="0"/>
        <line num="124" type="stmt" count="0"/>
        <line num="125" type="stmt" count="0"/>
        <line num="129" type="stmt" count="0"/>
        <line num="130" type="stmt" count="0"/>
        <line num="133" type="stmt" count="0"/>
        <line num="134" type="stmt" count="0"/>
        <line num="135" type="stmt" count="0"/>
        <line num="136" type="stmt" count="0"/>
        <line num="137" type="stmt" count="0"/>
        <line num="139" type="stmt" count="0"/>
        <line num="142" type="method" name="save" visibility="public" complexity="4" crap="20" count="0"/>
        <line num="144" type="stmt" count="0"/>
        <line num="146" type="stmt" count="0"/>
        <line num="147" type="stmt" count="0"/>
        <line num="148" type="stmt" count="0"/>
        <line num="149" type="stmt" count="0"/>
        <line num="151" type="stmt" count="0"/>
        <line num="152" type="stmt" count="0"/>
        <line num="157" type="stmt" count="0"/>
        <line num="159" type="stmt" count="0"/>
        <line num="160" type="stmt" count="0"/>
        <line num="165" type="method" name="removeById" visibility="public" complexity="4" crap="4.05" count="1"/>
        <line num="167" type="stmt" count="1"/>
        <line num="168" type="stmt" count="1"/>
        <line num="169" type="stmt" count="1"/>
        <line num="170" type="stmt" count="1"/>
        <line num="171" type="stmt" count="0"/>
        <line num="173" type="stmt" count="1"/>
        <line num="174" type="stmt" count="1"/>
        <line num="177" type="method" name="getEmptyDom" visibility="public" complexity="1" crap="1" count="14"/>
        <line num="179" type="stmt" count="14"/>
        <line num="180" type="stmt" count="14"/>
        <line num="181" type="stmt" count="14"/>
        <line num="182" type="stmt" count="14"/>
        <line num="183" type="stmt" count="14"/>
        <line num="185" type="stmt" count="14"/>
        <line num="188" type="method" name="getEncryptionService" visibility="protected" complexity="1" crap="1" count="4"/>
        <line num="190" type="stmt" count="4"/>
        <line num="193" type="method" name="initializeServices" visibility="private" complexity="3" crap="3" count="14"/>
        <line num="195" type="stmt" count="14"/>
        <line num="196" type="stmt" count="2"/>
        <line num="199" type="stmt" count="14"/>
        <line num="200" type="stmt" count="14"/>
        <line num="203" type="stmt" count="14"/>
        <line num="204" type="stmt" count="14"/>
        <line num="208" type="stmt" count="14"/>
        <line num="209" type="stmt" count="14"/>
        <line num="212" type="method" name="loadData" visibility="private" complexity="2" crap="2.31" count="14"/>
        <line num="214" type="stmt" count="14"/>
        <line num="217" type="stmt" count="14"/>
        <line num="218" type="stmt" count="0"/>
        <line num="219" type="stmt" count="0"/>
        <line num="220" type="stmt" count="0"/>
        <line num="223" type="stmt" count="14"/>
        <line num="224" type="stmt" count="14"/>
        <line num="227" type="method" name="withWriteLock" visibility="private" complexity="3" crap="3" count="10"/>
        <line num="229" type="stmt" count="10"/>
        <line num="231" type="stmt" count="10"/>
        <line num="232" type="stmt" count="10"/>
        <line num="233" type="stmt" count="10"/>
        <line num="234" type="stmt" count="10"/>
        <line num="238" type="stmt" count="10"/>
        <line num="239" type="stmt" count="10"/>
        <line num="240" type="stmt" count="9"/>
        <line num="242" type="stmt" count="10"/>
        <line num="243" type="stmt" count="10"/>
        <line num="248" type="method" name="writeCurrentState" visibility="private" complexity="4" crap="4.25" count="9"/>
        <line num="250" type="stmt" count="9"/>
        <line num="251" type="stmt" count="9"/>
        <line num="253" type="stmt" count="9"/>
        <line num="254" type="stmt" count="1"/>
        <line num="255" type="stmt" count="1"/>
        <line num="258" type="stmt" count="9"/>
        <line num="259" type="stmt" count="0"/>
        <line num="260" type="stmt" count="0"/>
        <line num="264" type="method" name="getSerializer" visibility="private" complexity="1" crap="1" count="11"/>
        <line num="266" type="stmt" count="11"/>
        <line num="267" type="stmt" count="11"/>
        <line num="268" type="stmt" count="11"/>
        <line num="269" type="stmt" count="11"/>
        <line num="270" type="stmt" count="11"/>
        <line num="271" type="stmt" count="11"/>
        <line num="278" type="method" name="createGroupFromXPath" visibility="private" complexity="2" crap="2.02" count="1"/>
        <line num="280" type="stmt" count="1"/>
        <line num="281" type="stmt" count="1"/>
        <line num="282" type="stmt" count="1"/>
        <line num="283" type="stmt" count="1"/>
        <line num="285" type="stmt" count="1"/>
        <line num="288" type="stmt" count="0"/>
        <metrics loc="291" ncloc="263" classes="1" methods="13" coveredmethods="6" conditionals="0" coveredconditionals="0" statements="119" coveredstatements="81" elements="132" coveredelements="87"/>
      </file>
    </package>
    <package name="DOM\ORM\Vcs">
      <file name="/home/erik-poehler/Sites/dom-orm/src/Vcs/GitAdapter.php">
        <class name="DOM\ORM\Vcs\GitAdapter" namespace="DOM\ORM\Vcs">
          <metrics complexity="6" methods="4" coveredmethods="0" conditionals="0" coveredconditionals="0" statements="13" coveredstatements="0" elements="17" coveredelements="0"/>
        </class>
        <line num="11" type="method" name="checkInstalled" visibility="public" complexity="2" crap="6" count="0"/>
        <line num="13" type="stmt" count="0"/>
        <line num="15" type="stmt" count="0"/>
        <line num="18" type="method" name="addAll" visibility="public" complexity="1" crap="2" count="0"/>
        <line num="20" type="stmt" count="0"/>
        <line num="21" type="stmt" count="0"/>
        <line num="22" type="stmt" count="0"/>
        <line num="25" type="method" name="commit" visibility="public" complexity="2" crap="6" count="0"/>
        <line num="27" type="stmt" count="0"/>
        <line num="28" type="stmt" count="0"/>
        <line num="30" type="stmt" count="0"/>
        <line num="31" type="stmt" count="0"/>
        <line num="34" type="stmt" count="0"/>
        <line num="37" type="method" name="push" visibility="public" complexity="1" crap="2" count="0"/>
        <line num="39" type="stmt" count="0"/>
        <line num="40" type="stmt" count="0"/>
        <line num="41" type="stmt" count="0"/>
        <metrics loc="44" ncloc="44" classes="1" methods="4" coveredmethods="0" conditionals="0" coveredconditionals="0" statements="13" coveredstatements="0" elements="17" coveredelements="0"/>
      </file>
      <file name="/home/erik-poehler/Sites/dom-orm/src/Vcs/HgAdapter.php">
        <class name="DOM\ORM\Vcs\HgAdapter" namespace="DOM\ORM\Vcs">
          <metrics complexity="14" methods="6" coveredmethods="0" conditionals="0" coveredconditionals="0" statements="53" coveredstatements="0" elements="59" coveredelements="0"/>
        </class>
        <line num="9" type="method" name="checkInstalled" visibility="public" complexity="4" crap="20" count="0"/>
        <line num="11" type="stmt" count="0"/>
        <line num="12" type="stmt" count="0"/>
        <line num="13" type="stmt" count="0"/>
        <line num="14" type="stmt" count="0"/>
        <line num="15" type="stmt" count="0"/>
        <line num="17" type="stmt" count="0"/>
        <line num="18" type="stmt" count="0"/>
        <line num="19" type="stmt" count="0"/>
        <line num="22" type="stmt" count="0"/>
        <line num="23" type="stmt" count="0"/>
        <line num="24" type="stmt" count="0"/>
        <line num="25" type="stmt" count="0"/>
        <line num="26" type="stmt" count="0"/>
        <line num="28" type="stmt" count="0"/>
        <line num="31" type="method" name="addAll" visibility="public" complexity="1" crap="2" count="0"/>
        <line num="33" type="stmt" count="0"/>
        <line num="36" type="method" name="commit" visibility="public" complexity="2" crap="6" count="0"/>
        <line num="38" type="stmt" count="0"/>
        <line num="39" type="stmt" count="0"/>
        <line num="40" type="stmt" count="0"/>
        <line num="43" type="stmt" count="0"/>
        <line num="46" type="method" name="push" visibility="public" complexity="1" crap="2" count="0"/>
        <line num="48" type="stmt" count="0"/>
        <line num="54" type="method" name="run" visibility="private" complexity="3" crap="12" count="0"/>
        <line num="56" type="stmt" count="0"/>
        <line num="57" type="stmt" count="0"/>
        <line num="58" type="stmt" count="0"/>
        <line num="59" type="stmt" count="0"/>
        <line num="60" type="stmt" count="0"/>
        <line num="62" type="stmt" count="0"/>
        <line num="63" type="stmt" count="0"/>
        <line num="64" type="stmt" count="0"/>
        <line num="67" type="stmt" count="0"/>
        <line num="68" type="stmt" count="0"/>
        <line num="69" type="stmt" count="0"/>
        <line num="70" type="stmt" count="0"/>
        <line num="71" type="stmt" count="0"/>
        <line num="73" type="stmt" count="0"/>
        <line num="74" type="stmt" count="0"/>
        <line num="75" type="stmt" count="0"/>
        <line num="76" type="stmt" count="0"/>
        <line num="77" type="stmt" count="0"/>
        <line num="78" type="stmt" count="0"/>
        <line num="85" type="method" name="captureOutput" visibility="private" complexity="3" crap="12" count="0"/>
        <line num="87" type="stmt" count="0"/>
        <line num="88" type="stmt" count="0"/>
        <line num="89" type="stmt" count="0"/>
        <line num="90" type="stmt" count="0"/>
        <line num="91" type="stmt" count="0"/>
        <line num="93" type="stmt" count="0"/>
        <line num="94" type="stmt" count="0"/>
        <line num="95" type="stmt" count="0"/>
        <line num="98" type="stmt" count="0"/>
        <line num="99" type="stmt" count="0"/>
        <line num="100" type="stmt" count="0"/>
        <line num="101" type="stmt" count="0"/>
        <line num="102" type="stmt" count="0"/>
        <line num="104" type="stmt" count="0"/>
        <metrics loc="107" ncloc="101" classes="1" methods="6" coveredmethods="0" conditionals="0" coveredconditionals="0" statements="53" coveredstatements="0" elements="59" coveredelements="0"/>
      </file>
      <file name="/home/erik-poehler/Sites/dom-orm/src/Vcs/VcsService.php">
        <class name="DOM\ORM\Vcs\VcsService" namespace="DOM\ORM\Vcs">
          <metrics complexity="15" methods="4" coveredmethods="1" conditionals="0" coveredconditionals="0" statements="36" coveredstatements="1" elements="40" coveredelements="2"/>
        </class>
        <line num="34" type="method" name="isEnabled" visibility="public" complexity="1" crap="1" count="9"/>
        <line num="36" type="stmt" count="9"/>
        <line num="45" type="method" name="commit" visibility="public" complexity="5" crap="30" count="0"/>
        <line num="47" type="stmt" count="0"/>
        <line num="48" type="stmt" count="0"/>
        <line num="51" type="stmt" count="0"/>
        <line num="52" type="stmt" count="0"/>
        <line num="54" type="stmt" count="0"/>
        <line num="55" type="stmt" count="0"/>
        <line num="56" type="stmt" count="0"/>
        <line num="57" type="stmt" count="0"/>
        <line num="58" type="stmt" count="0"/>
        <line num="60" type="stmt" count="0"/>
        <line num="63" type="stmt" count="0"/>
        <line num="66" type="stmt" count="0"/>
        <line num="67" type="stmt" count="0"/>
        <line num="69" type="stmt" count="0"/>
        <line num="70" type="stmt" count="0"/>
        <line num="72" type="stmt" count="0"/>
        <line num="73" type="stmt" count="0"/>
        <line num="74" type="stmt" count="0"/>
        <line num="75" type="stmt" count="0"/>
        <line num="76" type="stmt" count="0"/>
        <line num="80" type="method" name="createAdapter" visibility="private" complexity="3" crap="12" count="0"/>
        <line num="83" type="stmt" count="0"/>
        <line num="84" type="stmt" count="0"/>
        <line num="92" type="method" name="resolveCommitMessage" visibility="private" complexity="6" crap="42" count="0"/>
        <line num="94" type="stmt" count="0"/>
        <line num="96" type="stmt" count="0"/>
        <line num="97" type="stmt" count="0"/>
        <line num="98" type="stmt" count="0"/>
        <line num="99" type="stmt" count="0"/>
        <line num="102" type="stmt" count="0"/>
        <line num="103" type="stmt" count="0"/>
        <line num="104" type="stmt" count="0"/>
        <line num="105" type="stmt" count="0"/>
        <line num="106" type="stmt" count="0"/>
        <line num="110" type="stmt" count="0"/>
        <line num="111" type="stmt" count="0"/>
        <line num="115" type="stmt" count="0"/>
        <metrics loc="118" ncloc="92" classes="1" methods="4" coveredmethods="1" conditionals="0" coveredconditionals="0" statements="36" coveredstatements="1" elements="40" coveredelements="2"/>
      </file>
    </package>
    <file name="/home/erik-poehler/Sites/dom-orm/src/Vcs/VcsAdapterInterface.php">
      <metrics loc="29" ncloc="17" classes="0" methods="0" coveredmethods="0" conditionals="0" coveredconditionals="0" statements="0" coveredstatements="0" elements="0" coveredelements="0"/>
    </file>
    <file name="/home/erik-poehler/Sites/dom-orm/src/helpers.php">
      <line num="12" type="stmt" count="18"/>
      <line num="13" type="stmt" count="18"/>
      <line num="14" type="stmt" count="18"/>
      <line num="15" type="stmt" count="18"/>
      <line num="16" type="stmt" count="18"/>
      <line num="17" type="stmt" count="18"/>
      <line num="18" type="stmt" count="18"/>
      <line num="19" type="stmt" count="18"/>
      <line num="20" type="stmt" count="18"/>
      <line num="21" type="stmt" count="18"/>
      <line num="22" type="stmt" count="18"/>
      <line num="23" type="stmt" count="18"/>
      <line num="24" type="stmt" count="18"/>
      <line num="25" type="stmt" count="18"/>
      <line num="26" type="stmt" count="18"/>
      <line num="27" type="stmt" count="18"/>
      <line num="28" type="stmt" count="18"/>
      <line num="29" type="stmt" count="18"/>
      <line num="30" type="stmt" count="18"/>
      <line num="31" type="stmt" count="18"/>
      <line num="32" type="stmt" count="18"/>
      <line num="33" type="stmt" count="18"/>
      <line num="34" type="stmt" count="18"/>
      <line num="35" type="stmt" count="18"/>
      <line num="36" type="stmt" count="18"/>
      <line num="38" type="stmt" count="18"/>
      <line num="39" type="stmt" count="18"/>
      <line num="40" type="stmt" count="18"/>
      <line num="41" type="stmt" count="18"/>
      <line num="42" type="stmt" count="18"/>
      <line num="43" type="stmt" count="18"/>
      <line num="45" type="stmt" count="18"/>
      <line num="47" type="stmt" count="18"/>
      <line num="48" type="stmt" count="17"/>
      <line num="49" type="stmt" count="17"/>
      <line num="50" type="stmt" count="2"/>
      <line num="53" type="stmt" count="17"/>
      <line num="56" type="stmt" count="1"/>
      <line num="58" type="stmt" count="1"/>
      <line num="59" type="stmt" count="1"/>
      <line num="60" type="stmt" count="0"/>
      <line num="63" type="stmt" count="1"/>
      <line num="90" type="stmt" count="18"/>
      <line num="92" type="stmt" count="18"/>
      <line num="93" type="stmt" count="18"/>
      <line num="94" type="stmt" count="18"/>
      <line num="95" type="stmt" count="1"/>
      <line num="96" type="stmt" count="1"/>
      <line num="97" type="stmt" count="0"/>
      <line num="99" type="stmt" count="1"/>
      <line num="100" type="stmt" count="1"/>
      <line num="101" type="stmt" count="1"/>
      <line num="102" type="stmt" count="1"/>
      <line num="106" type="stmt" count="18"/>
      <line num="107" type="stmt" count="18"/>
      <line num="108" type="stmt" count="2"/>
      <line num="111" type="stmt" count="18"/>
      <line num="112" type="stmt" count="18"/>
      <line num="113" type="stmt" count="0"/>
      <line num="116" type="stmt" count="18"/>
      <line num="117" type="stmt" count="18"/>
      <line num="118" type="stmt" count="1"/>
      <line num="121" type="stmt" count="18"/>
      <line num="122" type="stmt" count="18"/>
      <line num="123" type="stmt" count="0"/>
      <line num="126" type="stmt" count="18"/>
      <line num="127" type="stmt" count="18"/>
      <line num="128" type="stmt" count="0"/>
      <line num="131" type="stmt" count="18"/>
      <line num="132" type="stmt" count="18"/>
      <line num="133" type="stmt" count="1"/>
      <line num="136" type="stmt" count="18"/>
      <line num="137" type="stmt" count="18"/>
      <line num="138" type="stmt" count="0"/>
      <line num="141" type="stmt" count="18"/>
      <line num="142" type="stmt" count="18"/>
      <line num="143" type="stmt" count="0"/>
      <line num="146" type="stmt" count="18"/>
      <line num="147" type="stmt" count="18"/>
      <line num="148" type="stmt" count="18"/>
      <line num="149" type="stmt" count="0"/>
      <line num="152" type="stmt" count="18"/>
      <line num="153" type="stmt" count="18"/>
      <line num="154" type="stmt" count="0"/>
      <line num="157" type="stmt" count="18"/>
      <line num="158" type="stmt" count="18"/>
      <line num="159" type="stmt" count="0"/>
      <line num="162" type="stmt" count="18"/>
      <line num="163" type="stmt" count="18"/>
      <line num="164" type="stmt" count="1"/>
      <line num="167" type="stmt" count="18"/>
      <line num="168" type="stmt" count="18"/>
      <line num="169" type="stmt" count="0"/>
      <line num="172" type="stmt" count="18"/>
      <line num="173" type="stmt" count="1"/>
      <line num="176" type="stmt" count="18"/>
      <line num="177" type="stmt" count="18"/>
      <line num="178" type="stmt" count="18"/>
      <line num="183" type="stmt" count="18"/>
      <line num="184" type="stmt" count="18"/>
      <line num="185" type="stmt" count="18"/>
      <line num="188" type="stmt" count="18"/>
      <line num="189" type="stmt" count="18"/>
      <line num="192" type="stmt" count="2"/>
      <line num="194" type="stmt" count="2"/>
      <line num="199" type="stmt" count="18"/>
      <line num="200" type="stmt" count="18"/>
      <line num="201" type="stmt" count="17"/>
      <line num="204" type="stmt" count="1"/>
      <line num="206" type="stmt" count="1"/>
      <line num="207" type="stmt" count="1"/>
      <line num="210" type="stmt" count="0"/>
      <line num="211" type="stmt" count="0"/>
      <line num="214" type="stmt" count="0"/>
      <line num="219" type="stmt" count="18"/>
      <line num="220" type="stmt" count="18"/>
      <line num="221" type="stmt" count="18"/>
      <line num="224" type="stmt" count="1"/>
      <line num="225" type="stmt" count="1"/>
      <line num="226" type="stmt" count="1"/>
      <line num="229" type="stmt" count="0"/>
      <metrics loc="231" ncloc="209" classes="0" methods="0" coveredmethods="0" conditionals="0" coveredconditionals="0" statements="121" coveredstatements="106" elements="121" coveredelements="106"/>
    </file>
    <metrics files="41" loc="4458" ncloc="3801" classes="34" methods="168" coveredmethods="56" conditionals="0" coveredconditionals="0" statements="1653" coveredstatements="760" elements="1821" coveredelements="816"/>
  </project>
</coverage>
