<?xml version="1.0" encoding="UTF-8"?>
<coverage generated="1783929731">
  <project timestamp="1783929731" name="Clover Coverage">
    <package name="DOM\ORM\Command">
      <file name="/home/erik-poehler/Sites/dom-orm/src/Command/Backup.php">
        <class name="DOM\ORM\Command\Backup" namespace="DOM\ORM\Command">
          <metrics complexity="2" methods="1" coveredmethods="0" conditionals="0" coveredconditionals="0" statements="5" coveredstatements="0" elements="6" coveredelements="0"/>
        </class>
        <line num="8" type="method" name="run" visibility="public" complexity="2" crap="6" count="0"/>
        <line num="10" type="stmt" count="0"/>
        <line num="12" type="stmt" count="0"/>
        <line num="13" type="stmt" count="0"/>
        <line num="16" type="stmt" count="0"/>
        <line num="17" type="stmt" count="0"/>
        <metrics loc="17" ncloc="17" classes="1" methods="1" coveredmethods="0" conditionals="0" coveredconditionals="0" statements="5" coveredstatements="0" elements="6" coveredelements="0" complexity="2"/>
      </file>
      <file name="/home/erik-poehler/Sites/dom-orm/src/Command/Cleanup.php">
        <class name="DOM\ORM\Command\Cleanup" namespace="DOM\ORM\Command">
          <metrics complexity="22" methods="3" coveredmethods="0" conditionals="0" coveredconditionals="0" statements="58" coveredstatements="0" elements="61" coveredelements="0"/>
        </class>
        <line num="29" type="method" name="run" visibility="public" complexity="11" crap="132" count="3"/>
        <line num="31" type="stmt" count="3"/>
        <line num="32" type="stmt" count="3"/>
        <line num="34" type="stmt" count="3"/>
        <line num="35" type="stmt" count="3"/>
        <line num="36" type="stmt" count="3"/>
        <line num="38" type="stmt" count="3"/>
        <line num="40" type="stmt" count="3"/>
        <line num="41" type="stmt" count="3"/>
        <line num="43" type="stmt" count="3"/>
        <line num="44" type="stmt" count="3"/>
        <line num="45" type="stmt" count="3"/>
        <line num="46" type="stmt" count="3"/>
        <line num="47" type="stmt" count="3"/>
        <line num="50" type="stmt" count="3"/>
        <line num="51" type="stmt" count="3"/>
        <line num="52" type="stmt" count="3"/>
        <line num="53" type="stmt" count="3"/>
        <line num="54" type="stmt" count="1"/>
        <line num="55" type="stmt" count="1"/>
        <line num="58" type="stmt" count="1"/>
        <line num="64" type="stmt" count="3"/>
        <line num="66" type="stmt" count="3"/>
        <line num="68" type="stmt" count="3"/>
        <line num="69" type="stmt" count="3"/>
        <line num="70" type="stmt" count="3"/>
        <line num="71" type="stmt" count="2"/>
        <line num="75" type="stmt" count="3"/>
        <line num="76" type="stmt" count="2"/>
        <line num="77" type="stmt" count="2"/>
        <line num="78" type="stmt" count="1"/>
        <line num="80" type="stmt" count="2"/>
        <line num="82" type="stmt" count="2"/>
        <line num="86" type="stmt" count="3"/>
        <line num="88" type="stmt" count="3"/>
        <line num="89" type="stmt" count="1"/>
        <line num="92" type="stmt" count="3"/>
        <line num="103" type="method" name="resolveLiveFragmentNames" visibility="private" complexity="7" crap="56" count="3"/>
        <line num="105" type="stmt" count="3"/>
        <line num="106" type="stmt" count="3"/>
        <line num="109" type="stmt" count="3"/>
        <line num="110" type="stmt" count="3"/>
        <line num="111" type="stmt" count="3"/>
        <line num="112" type="stmt" count="3"/>
        <line num="113" type="stmt" count="3"/>
        <line num="114" type="stmt" count="3"/>
        <line num="119" type="stmt" count="3"/>
        <line num="120" type="stmt" count="3"/>
        <line num="121" type="stmt" count="3"/>
        <line num="122" type="stmt" count="3"/>
        <line num="127" type="stmt" count="3"/>
        <line num="133" type="method" name="buildTypeToClassMap" visibility="private" complexity="4" crap="20" count="3"/>
        <line num="135" type="stmt" count="3"/>
        <line num="136" type="stmt" count="3"/>
        <line num="137" type="stmt" count="3"/>
        <line num="138" type="stmt" count="3"/>
        <line num="140" type="stmt" count="3"/>
        <line num="141" type="stmt" count="3"/>
        <line num="142" type="stmt" count="3"/>
        <line num="143" type="stmt" count="3"/>
        <line num="147" type="stmt" count="3"/>
        <metrics loc="147" ncloc="147" classes="1" methods="3" coveredmethods="3" conditionals="0" coveredconditionals="0" statements="58" coveredstatements="58" elements="61" coveredelements="61" complexity="22"/>
      </file>
      <file name="/home/erik-poehler/Sites/dom-orm/src/Command/Diagnose.php">
        <class name="DOM\ORM\Command\Diagnose" namespace="DOM\ORM\Command">
          <metrics complexity="1" methods="1" coveredmethods="0" conditionals="0" coveredconditionals="0" statements="1" coveredstatements="0" elements="2" coveredelements="0"/>
        </class>
        <line num="8" type="method" name="run" visibility="public" complexity="1" crap="2" count="0"/>
        <line num="10" type="stmt" count="0"/>
        <metrics loc="10" ncloc="10" classes="1" methods="1" coveredmethods="0" conditionals="0" coveredconditionals="0" statements="1" coveredstatements="0" elements="2" coveredelements="0" complexity="1"/>
      </file>
      <file name="/home/erik-poehler/Sites/dom-orm/src/Command/Export.php">
        <class name="DOM\ORM\Command\Export" namespace="DOM\ORM\Command">
          <metrics complexity="39" methods="7" coveredmethods="1" conditionals="0" coveredconditionals="0" statements="90" coveredstatements="75" elements="97" coveredelements="76"/>
        </class>
        <line num="30" type="method" name="run" visibility="public" complexity="2" crap="6" count="0"/>
        <line num="37" type="stmt" count="0"/>
        <line num="38" type="stmt" count="0"/>
        <line num="40" type="stmt" count="0"/>
        <line num="41" type="stmt" count="0"/>
        <line num="42" type="stmt" count="0"/>
        <line num="45" type="stmt" count="0"/>
        <line num="48" type="method" name="runConfigured" visibility="public" complexity="5" crap="5.01" count="2"/>
        <line num="51" type="stmt" count="2"/>
        <line num="54" type="stmt" count="2"/>
        <line num="55" type="stmt" count="2"/>
        <line num="56" type="stmt" count="2"/>
        <line num="57" type="stmt" count="2"/>
        <line num="59" type="stmt" count="1"/>
        <line num="62" type="stmt" count="1"/>
        <line num="63" type="stmt" count="1"/>
        <line num="64" type="stmt" count="1"/>
        <line num="65" type="stmt" count="1"/>
        <line num="66" type="stmt" count="1"/>
        <line num="67" type="stmt" count="1"/>
        <line num="68" type="stmt" count="1"/>
        <line num="69" type="stmt" count="1"/>
        <line num="70" type="stmt" count="1"/>
        <line num="73" type="method" name="write" visibility="public" complexity="9" crap="10.54" count="1"/>
        <line num="83" type="stmt" count="1"/>
        <line num="85" type="stmt" count="1"/>
        <line num="87" type="stmt" count="1"/>
        <line num="88" type="stmt" count="1"/>
        <line num="89" type="stmt" count="1"/>
        <line num="92" type="stmt" count="1"/>
        <line num="93" type="stmt" count="0"/>
        <line num="94" type="stmt" count="0"/>
        <line num="97" type="stmt" count="1"/>
        <line num="98" type="stmt" count="1"/>
        <line num="99" type="stmt" count="1"/>
        <line num="100" type="stmt" count="1"/>
        <line num="103" type="stmt" count="1"/>
        <line num="104" type="stmt" count="0"/>
        <line num="105" type="stmt" count="0"/>
        <line num="114" type="method" name="buildExportArray" visibility="public" complexity="10" crap="10.06" count="3"/>
        <line num="116" type="stmt" count="3"/>
        <line num="118" type="stmt" count="3"/>
        <line num="120" type="stmt" count="3"/>
        <line num="121" type="stmt" count="3"/>
        <line num="122" type="stmt" count="3"/>
        <line num="123" type="stmt" count="0"/>
        <line num="126" type="stmt" count="3"/>
        <line num="127" type="stmt" count="3"/>
        <line num="129" type="stmt" count="3"/>
        <line num="130" type="stmt" count="0"/>
        <line num="133" type="stmt" count="3"/>
        <line num="134" type="stmt" count="3"/>
        <line num="135" type="stmt" count="3"/>
        <line num="136" type="stmt" count="3"/>
        <line num="138" type="stmt" count="3"/>
        <line num="140" type="stmt" count="3"/>
        <line num="141" type="stmt" count="3"/>
        <line num="142" type="stmt" count="2"/>
        <line num="144" type="stmt" count="3"/>
        <line num="145" type="stmt" count="3"/>
        <line num="146" type="stmt" count="2"/>
        <line num="149" type="stmt" count="3"/>
        <line num="152" type="stmt" count="3"/>
        <line num="155" type="stmt" count="3"/>
        <line num="164" type="method" name="buildExclusionMap" visibility="private" complexity="10" crap="10" count="3"/>
        <line num="167" type="stmt" count="3"/>
        <line num="168" type="stmt" count="3"/>
        <line num="169" type="stmt" count="2"/>
        <line num="172" type="stmt" count="1"/>
        <line num="173" type="stmt" count="1"/>
        <line num="174" type="stmt" count="1"/>
        <line num="175" type="stmt" count="1"/>
        <line num="178" type="stmt" count="1"/>
        <line num="179" type="stmt" count="1"/>
        <line num="180" type="stmt" count="1"/>
        <line num="181" type="stmt" count="0"/>
        <line num="185" type="stmt" count="1"/>
        <line num="186" type="stmt" count="1"/>
        <line num="187" type="stmt" count="1"/>
        <line num="189" type="stmt" count="1"/>
        <line num="190" type="stmt" count="1"/>
        <line num="192" type="stmt" count="1"/>
        <line num="193" type="stmt" count="1"/>
        <line num="194" type="stmt" count="1"/>
        <line num="196" type="stmt" count="1"/>
        <line num="198" type="stmt" count="1"/>
        <line num="199" type="stmt" count="1"/>
        <line num="203" type="stmt" count="1"/>
        <line num="204" type="stmt" count="1"/>
        <line num="208" type="stmt" count="1"/>
        <line num="211" type="method" name="defaultBasePath" visibility="private" complexity="1" crap="1" count="1"/>
        <line num="213" type="stmt" count="1"/>
        <line num="216" type="method" name="writeFile" visibility="private" complexity="2" crap="2.06" count="1"/>
        <line num="218" type="stmt" count="1"/>
        <line num="219" type="stmt" count="1"/>
        <line num="220" type="stmt" count="0"/>
        <line num="223" type="stmt" count="1"/>
        <metrics loc="223" ncloc="223" classes="1" methods="7" coveredmethods="6" conditionals="0" coveredconditionals="0" statements="90" coveredstatements="76" elements="97" coveredelements="82" complexity="39"/>
      </file>
      <file name="/home/erik-poehler/Sites/dom-orm/src/Command/Import.php">
        <class name="DOM\ORM\Command\Import" namespace="DOM\ORM\Command">
          <metrics complexity="1" methods="1" coveredmethods="0" conditionals="0" coveredconditionals="0" statements="1" coveredstatements="0" elements="2" coveredelements="0"/>
        </class>
        <line num="8" type="method" name="run" visibility="public" complexity="1" crap="2" count="0"/>
        <line num="10" type="stmt" count="0"/>
        <metrics loc="10" ncloc="10" classes="1" methods="1" coveredmethods="0" conditionals="0" coveredconditionals="0" statements="1" coveredstatements="0" elements="2" coveredelements="0" complexity="1"/>
      </file>
      <file name="/home/erik-poehler/Sites/dom-orm/src/Command/Init.php">
        <class name="DOM\ORM\Command\Init" namespace="DOM\ORM\Command">
          <metrics complexity="5" methods="1" coveredmethods="0" conditionals="0" coveredconditionals="0" statements="17" coveredstatements="0" elements="18" coveredelements="0"/>
        </class>
        <line num="8" type="method" name="run" visibility="public" complexity="5" crap="30" count="0"/>
        <line num="10" type="stmt" count="0"/>
        <line num="13" type="stmt" count="0"/>
        <line num="14" type="stmt" count="0"/>
        <line num="17" type="stmt" count="0"/>
        <line num="18" type="stmt" count="0"/>
        <line num="20" type="stmt" count="0"/>
        <line num="21" type="stmt" count="0"/>
        <line num="24" type="stmt" count="0"/>
        <line num="25" type="stmt" count="0"/>
        <line num="27" type="stmt" count="0"/>
        <line num="28" type="stmt" count="0"/>
        <line num="29" type="stmt" count="0"/>
        <line num="30" type="stmt" count="0"/>
        <line num="31" type="stmt" count="0"/>
        <line num="32" type="stmt" count="0"/>
        <line num="33" type="stmt" count="0"/>
        <line num="35" type="stmt" count="0"/>
        <metrics loc="35" ncloc="35" classes="1" methods="1" coveredmethods="0" conditionals="0" coveredconditionals="0" statements="17" coveredstatements="0" elements="18" coveredelements="0" complexity="5"/>
      </file>
      <file name="/home/erik-poehler/Sites/dom-orm/src/Command/Migrate.php">
        <class name="DOM\ORM\Command\Migrate" namespace="DOM\ORM\Command">
          <metrics complexity="23" methods="3" coveredmethods="0" conditionals="0" coveredconditionals="0" statements="59" coveredstatements="0" elements="62" coveredelements="0"/>
        </class>
        <line num="32" type="method" name="run" visibility="public" complexity="17" crap="306" count="2"/>
        <line num="34" type="stmt" count="2"/>
        <line num="35" type="stmt" count="2"/>
        <line num="37" type="stmt" count="2"/>
        <line num="38" type="stmt" count="2"/>
        <line num="39" type="stmt" count="2"/>
        <line num="41" type="stmt" count="2"/>
        <line num="44" type="stmt" count="2"/>
        <line num="46" type="stmt" count="2"/>
        <line num="47" type="stmt" count="2"/>
        <line num="48" type="stmt" count="2"/>
        <line num="49" type="stmt" count="2"/>
        <line num="50" type="stmt" count="2"/>
        <line num="53" type="stmt" count="2"/>
        <line num="54" type="stmt" count="2"/>
        <line num="55" type="stmt" count="2"/>
        <line num="56" type="stmt" count="2"/>
        <line num="57" type="stmt" count="0"/>
        <line num="60" type="stmt" count="2"/>
        <line num="61" type="stmt" count="2"/>
        <line num="62" type="stmt" count="0"/>
        <line num="65" type="stmt" count="2"/>
        <line num="66" type="stmt" count="2"/>
        <line num="67" type="stmt" count="2"/>
        <line num="68" type="stmt" count="2"/>
        <line num="69" type="stmt" count="0"/>
        <line num="72" type="stmt" count="2"/>
        <line num="73" type="stmt" count="0"/>
        <line num="75" type="stmt" count="2"/>
        <line num="77" type="stmt" count="2"/>
        <line num="78" type="stmt" count="2"/>
        <line num="80" type="stmt" count="0"/>
        <line num="81" type="stmt" count="0"/>
        <line num="83" type="stmt" count="0"/>
        <line num="86" type="stmt" count="2"/>
        <line num="87" type="stmt" count="1"/>
        <line num="89" type="stmt" count="2"/>
        <line num="93" type="stmt" count="2"/>
        <line num="94" type="stmt" count="1"/>
        <line num="96" type="stmt" count="2"/>
        <line num="99" type="stmt" count="2"/>
        <line num="102" type="stmt" count="2"/>
        <line num="103" type="stmt" count="2"/>
        <line num="107" type="stmt" count="2"/>
        <line num="108" type="stmt" count="1"/>
        <line num="111" type="stmt" count="2"/>
        <line num="117" type="method" name="buildTypeToClassMap" visibility="private" complexity="4" crap="20" count="2"/>
        <line num="119" type="stmt" count="2"/>
        <line num="120" type="stmt" count="2"/>
        <line num="121" type="stmt" count="2"/>
        <line num="122" type="stmt" count="2"/>
        <line num="124" type="stmt" count="2"/>
        <line num="125" type="stmt" count="2"/>
        <line num="126" type="stmt" count="2"/>
        <line num="127" type="stmt" count="2"/>
        <line num="131" type="stmt" count="2"/>
        <line num="138" type="method" name="resolveFragmentMap" visibility="private" complexity="2" crap="6" count="2"/>
        <line num="140" type="stmt" count="2"/>
        <line num="141" type="stmt" count="2"/>
        <line num="142" type="stmt" count="2"/>
        <line num="143" type="stmt" count="2"/>
        <line num="146" type="stmt" count="2"/>
        <metrics loc="146" ncloc="146" classes="1" methods="3" coveredmethods="3" conditionals="0" coveredconditionals="0" statements="59" coveredstatements="52" elements="62" coveredelements="55" complexity="23"/>
      </file>
      <file name="/home/erik-poehler/Sites/dom-orm/src/Command/Perf.php">
        <class name="DOM\ORM\Command\PerfUser" namespace="DOM\ORM\Command">
          <metrics complexity="7" methods="7" coveredmethods="0" conditionals="0" coveredconditionals="0" statements="13" coveredstatements="0" elements="20" coveredelements="0"/>
        </class>
        <class name="DOM\ORM\Command\PerfUserRepository" namespace="DOM\ORM\Command">
          <metrics complexity="1" methods="1" coveredmethods="0" conditionals="0" coveredconditionals="0" statements="1" coveredstatements="0" elements="2" coveredelements="0"/>
        </class>
        <class name="DOM\ORM\Command\PerfManager" namespace="DOM\ORM\Command">
          <metrics complexity="3" methods="3" coveredmethods="0" conditionals="0" coveredconditionals="0" statements="3" coveredstatements="0" elements="6" coveredelements="0"/>
        </class>
        <class name="DOM\ORM\Command\Perf" namespace="DOM\ORM\Command">
          <metrics complexity="20" methods="2" coveredmethods="0" conditionals="0" coveredconditionals="0" statements="145" coveredstatements="0" elements="147" coveredelements="0"/>
        </class>
        <line num="33" type="method" name="__construct" visibility="public" complexity="1" crap="2" count="0"/>
        <line num="40" type="stmt" count="0"/>
        <line num="41" type="stmt" count="0"/>
        <line num="42" type="stmt" count="0"/>
        <line num="43" type="stmt" count="0"/>
        <line num="46" type="method" name="getName" visibility="public" complexity="1" crap="2" count="0"/>
        <line num="48" type="stmt" count="0"/>
        <line num="50" type="method" name="getEmail" visibility="public" complexity="1" crap="2" count="0"/>
        <line num="52" type="stmt" count="0"/>
        <line num="54" type="method" name="getCity" visibility="public" complexity="1" crap="2" count="0"/>
        <line num="56" type="stmt" count="0"/>
        <line num="59" type="method" name="setName" visibility="public" complexity="1" crap="2" count="0"/>
        <line num="61" type="stmt" count="0"/>
        <line num="63" type="stmt" count="0"/>
        <line num="65" type="method" name="setEmail" visibility="public" complexity="1" crap="2" count="0"/>
        <line num="67" type="stmt" count="0"/>
        <line num="69" type="stmt" count="0"/>
        <line num="71" type="method" name="setCity" visibility="public" complexity="1" crap="2" count="0"/>
        <line num="73" type="stmt" count="0"/>
        <line num="75" type="stmt" count="0"/>
        <line num="85" type="method" name="__construct" visibility="public" complexity="1" crap="2" count="0"/>
        <line num="87" type="stmt" count="0"/>
        <line num="99" type="method" name="__construct" visibility="public" complexity="1" crap="2" count="0"/>
        <line num="101" type="stmt" count="0"/>
        <line num="109" type="method" name="batchInsert" visibility="public" complexity="1" crap="2" count="0"/>
        <line num="111" type="stmt" count="0"/>
        <line num="117" type="method" name="insert" visibility="public" complexity="1" crap="2" count="0"/>
        <line num="119" type="stmt" count="0"/>
        <line num="157" type="method" name="run" visibility="public" complexity="16" crap="272" count="0"/>
        <line num="160" type="stmt" count="0"/>
        <line num="161" type="stmt" count="0"/>
        <line num="162" type="stmt" count="0"/>
        <line num="163" type="stmt" count="0"/>
        <line num="164" type="stmt" count="0"/>
        <line num="165" type="stmt" count="0"/>
        <line num="166" type="stmt" count="0"/>
        <line num="167" type="stmt" count="0"/>
        <line num="170" type="stmt" count="0"/>
        <line num="172" type="stmt" count="0"/>
        <line num="173" type="stmt" count="0"/>
        <line num="176" type="stmt" count="0"/>
        <line num="177" type="stmt" count="0"/>
        <line num="178" type="stmt" count="0"/>
        <line num="179" type="stmt" count="0"/>
        <line num="180" type="stmt" count="0"/>
        <line num="181" type="stmt" count="0"/>
        <line num="183" type="stmt" count="0"/>
        <line num="186" type="stmt" count="0"/>
        <line num="187" type="stmt" count="0"/>
        <line num="189" type="stmt" count="0"/>
        <line num="191" type="stmt" count="0"/>
        <line num="192" type="stmt" count="0"/>
        <line num="193" type="stmt" count="0"/>
        <line num="194" type="stmt" count="0"/>
        <line num="195" type="stmt" count="0"/>
        <line num="196" type="stmt" count="0"/>
        <line num="197" type="stmt" count="0"/>
        <line num="198" type="stmt" count="0"/>
        <line num="199" type="stmt" count="0"/>
        <line num="200" type="stmt" count="0"/>
        <line num="201" type="stmt" count="0"/>
        <line num="202" type="stmt" count="0"/>
        <line num="203" type="stmt" count="0"/>
        <line num="204" type="stmt" count="0"/>
        <line num="207" type="stmt" count="0"/>
        <line num="209" type="stmt" count="0"/>
        <line num="210" type="stmt" count="0"/>
        <line num="213" type="stmt" count="0"/>
        <line num="214" type="stmt" count="0"/>
        <line num="215" type="stmt" count="0"/>
        <line num="216" type="stmt" count="0"/>
        <line num="217" type="stmt" count="0"/>
        <line num="218" type="stmt" count="0"/>
        <line num="219" type="stmt" count="0"/>
        <line num="220" type="stmt" count="0"/>
        <line num="221" type="stmt" count="0"/>
        <line num="222" type="stmt" count="0"/>
        <line num="223" type="stmt" count="0"/>
        <line num="224" type="stmt" count="0"/>
        <line num="228" type="stmt" count="0"/>
        <line num="229" type="stmt" count="0"/>
        <line num="231" type="stmt" count="0"/>
        <line num="232" type="stmt" count="0"/>
        <line num="233" type="stmt" count="0"/>
        <line num="234" type="stmt" count="0"/>
        <line num="236" type="stmt" count="0"/>
        <line num="237" type="stmt" count="0"/>
        <line num="238" type="stmt" count="0"/>
        <line num="241" type="stmt" count="0"/>
        <line num="242" type="stmt" count="0"/>
        <line num="244" type="stmt" count="0"/>
        <line num="245" type="stmt" count="0"/>
        <line num="246" type="stmt" count="0"/>
        <line num="247" type="stmt" count="0"/>
        <line num="248" type="stmt" count="0"/>
        <line num="249" type="stmt" count="0"/>
        <line num="252" type="stmt" count="0"/>
        <line num="254" type="stmt" count="0"/>
        <line num="256" type="stmt" count="0"/>
        <line num="257" type="stmt" count="0"/>
        <line num="258" type="stmt" count="0"/>
        <line num="260" type="stmt" count="0"/>
        <line num="261" type="stmt" count="0"/>
        <line num="263" type="stmt" count="0"/>
        <line num="264" type="stmt" count="0"/>
        <line num="265" type="stmt" count="0"/>
        <line num="267" type="stmt" count="0"/>
        <line num="268" type="stmt" count="0"/>
        <line num="269" type="stmt" count="0"/>
        <line num="270" type="stmt" count="0"/>
        <line num="271" type="stmt" count="0"/>
        <line num="274" type="stmt" count="0"/>
        <line num="275" type="stmt" count="0"/>
        <line num="276" type="stmt" count="0"/>
        <line num="278" type="stmt" count="0"/>
        <line num="279" type="stmt" count="0"/>
        <line num="281" type="stmt" count="0"/>
        <line num="282" type="stmt" count="0"/>
        <line num="283" type="stmt" count="0"/>
        <line num="285" type="stmt" count="0"/>
        <line num="286" type="stmt" count="0"/>
        <line num="287" type="stmt" count="0"/>
        <line num="289" type="stmt" count="0"/>
        <line num="290" type="stmt" count="0"/>
        <line num="291" type="stmt" count="0"/>
        <line num="292" type="stmt" count="0"/>
        <line num="293" type="stmt" count="0"/>
        <line num="296" type="stmt" count="0"/>
        <line num="297" type="stmt" count="0"/>
        <line num="298" type="stmt" count="0"/>
        <line num="299" type="stmt" count="0"/>
        <line num="302" type="stmt" count="0"/>
        <line num="303" type="stmt" count="0"/>
        <line num="306" type="stmt" count="0"/>
        <line num="307" type="stmt" count="0"/>
        <line num="312" type="stmt" count="0"/>
        <line num="313" type="stmt" count="0"/>
        <line num="314" type="stmt" count="0"/>
        <line num="315" type="stmt" count="0"/>
        <line num="318" type="stmt" count="0"/>
        <line num="320" type="stmt" count="0"/>
        <line num="321" type="stmt" count="0"/>
        <line num="323" type="stmt" count="0"/>
        <line num="324" type="stmt" count="0"/>
        <line num="325" type="stmt" count="0"/>
        <line num="326" type="stmt" count="0"/>
        <line num="327" type="stmt" count="0"/>
        <line num="328" type="stmt" count="0"/>
        <line num="329" type="stmt" count="0"/>
        <line num="330" type="stmt" count="0"/>
        <line num="331" type="stmt" count="0"/>
        <line num="332" type="stmt" count="0"/>
        <line num="333" type="stmt" count="0"/>
        <line num="334" type="stmt" count="0"/>
        <line num="335" type="stmt" count="0"/>
        <line num="336" type="stmt" count="0"/>
        <line num="337" type="stmt" count="0"/>
        <line num="338" type="stmt" count="0"/>
        <line num="339" type="stmt" count="0"/>
        <line num="340" type="stmt" count="0"/>
        <line num="341" type="stmt" count="0"/>
        <line num="342" type="stmt" count="0"/>
        <line num="343" type="stmt" count="0"/>
        <line num="344" type="stmt" count="0"/>
        <line num="347" type="method" name="resetSharedSingletons" visibility="private" complexity="4" crap="20" count="0"/>
        <line num="349" type="stmt" count="0"/>
        <line num="350" type="stmt" count="0"/>
        <line num="351" type="stmt" count="0"/>
        <line num="352" type="stmt" count="0"/>
        <line num="353" type="stmt" count="0"/>
        <line num="354" type="stmt" count="0"/>
        <line num="355" type="stmt" count="0"/>
        <line num="356" type="stmt" count="0"/>
        <line num="357" type="stmt" count="0"/>
        <line num="359" type="stmt" count="0"/>
        <metrics loc="359" ncloc="359" classes="4" methods="13" coveredmethods="0" conditionals="0" coveredconditionals="0" statements="162" coveredstatements="0" elements="175" coveredelements="0" complexity="31"/>
      </file>
      <file name="/home/erik-poehler/Sites/dom-orm/src/Command/Validate.php">
        <class name="DOM\ORM\Command\Validate" namespace="DOM\ORM\Command">
          <metrics complexity="1" methods="1" coveredmethods="0" conditionals="0" coveredconditionals="0" statements="1" coveredstatements="0" elements="2" coveredelements="0"/>
        </class>
        <line num="8" type="method" name="run" visibility="public" complexity="1" crap="2" count="0"/>
        <line num="10" type="stmt" count="0"/>
        <metrics loc="10" ncloc="10" classes="1" methods="1" coveredmethods="0" conditionals="0" coveredconditionals="0" statements="1" coveredstatements="0" elements="2" coveredelements="0" complexity="1"/>
      </file>
      <metrics complexity="125" methods="31" coveredmethods="12" conditionals="0" coveredconditionals="0" statements="394" coveredstatements="186" elements="425" coveredelements="198" classes="12" loc="957" ncloc="957"/>
    </package>
    <package name="DOM\ORM\Encryption">
      <file name="/home/erik-poehler/Sites/dom-orm/src/Encryption/EncryptedValue.php">
        <class name="DOM\ORM\Encryption\EncryptedValue" namespace="DOM\ORM\Encryption">
          <metrics complexity="1" methods="1" coveredmethods="0" conditionals="0" coveredconditionals="0" statements="1" coveredstatements="0" elements="2" coveredelements="0"/>
        </class>
        <line num="13" type="method" name="__construct" visibility="public" complexity="1" crap="2" count="5"/>
        <line num="23" type="stmt" count="5"/>
        <metrics loc="23" ncloc="23" classes="1" methods="1" coveredmethods="1" conditionals="0" coveredconditionals="0" statements="1" coveredstatements="1" elements="2" coveredelements="2" complexity="1"/>
      </file>
      <file name="/home/erik-poehler/Sites/dom-orm/src/Encryption/EncryptionService.php">
        <class name="DOM\ORM\Encryption\EncryptionService" namespace="DOM\ORM\Encryption">
          <metrics complexity="11" methods="5" coveredmethods="0" conditionals="0" coveredconditionals="0" statements="45" coveredstatements="6" elements="50" coveredelements="6"/>
        </class>
        <line num="28" type="method" name="__construct" visibility="public" complexity="1" crap="2" count="7"/>
        <line num="30" type="stmt" count="7"/>
        <line num="31" type="stmt" count="7"/>
        <line num="34" type="method" name="fromConfig" visibility="public" complexity="3" crap="3.03" count="36"/>
        <line num="36" type="stmt" count="36"/>
        <line num="37" type="stmt" count="36"/>
        <line num="39" type="stmt" count="36"/>
        <line num="40" type="stmt" count="31"/>
        <line num="41" type="stmt" count="31"/>
        <line num="42" type="stmt" count="31"/>
        <line num="45" type="stmt" count="5"/>
        <line num="48" type="method" name="encrypt" visibility="public" complexity="2" crap="6" count="6"/>
        <line num="50" type="stmt" count="6"/>
        <line num="51" type="stmt" count="6"/>
        <line num="53" type="stmt" count="6"/>
        <line num="54" type="stmt" count="6"/>
        <line num="55" type="stmt" count="6"/>
        <line num="56" type="stmt" count="6"/>
        <line num="57" type="stmt" count="6"/>
        <line num="58" type="stmt" count="6"/>
        <line num="59" type="stmt" count="6"/>
        <line num="60" type="stmt" count="6"/>
        <line num="61" type="stmt" count="6"/>
        <line num="62" type="stmt" count="6"/>
        <line num="64" type="stmt" count="6"/>
        <line num="65" type="stmt" count="0"/>
        <line num="68" type="stmt" count="6"/>
        <line num="71" type="method" name="decrypt" visibility="public" complexity="4" crap="20" count="4"/>
        <line num="73" type="stmt" count="4"/>
        <line num="75" type="stmt" count="4"/>
        <line num="76" type="stmt" count="0"/>
        <line num="79" type="stmt" count="4"/>
        <line num="81" type="stmt" count="4"/>
        <line num="82" type="stmt" count="0"/>
        <line num="85" type="stmt" count="4"/>
        <line num="86" type="stmt" count="4"/>
        <line num="87" type="stmt" count="4"/>
        <line num="89" type="stmt" count="4"/>
        <line num="90" type="stmt" count="4"/>
        <line num="91" type="stmt" count="4"/>
        <line num="92" type="stmt" count="4"/>
        <line num="93" type="stmt" count="4"/>
        <line num="94" type="stmt" count="4"/>
        <line num="95" type="stmt" count="4"/>
        <line num="96" type="stmt" count="4"/>
        <line num="98" type="stmt" count="4"/>
        <line num="99" type="stmt" count="0"/>
        <line num="102" type="stmt" count="4"/>
        <line num="109" type="method" name="searchHash" visibility="public" complexity="1" crap="2" count="6"/>
        <line num="111" type="stmt" count="6"/>
        <metrics loc="111" ncloc="111" classes="1" methods="5" coveredmethods="5" conditionals="0" coveredconditionals="0" statements="45" coveredstatements="41" elements="50" coveredelements="46" complexity="11"/>
      </file>
      <metrics complexity="12" methods="6" coveredmethods="6" conditionals="0" coveredconditionals="0" statements="46" coveredstatements="42" elements="52" coveredelements="48" classes="2" loc="134" ncloc="134"/>
    </package>
    <package name="DOM\ORM\Entity">
      <file name="/home/erik-poehler/Sites/dom-orm/src/Entity/AbstractEntity.php">
        <class name="DOM\ORM\Entity\AbstractEntity" namespace="DOM\ORM\Entity">
          <metrics complexity="10" methods="10" coveredmethods="9" conditionals="0" coveredconditionals="0" statements="15" coveredstatements="14" elements="25" coveredelements="23"/>
        </class>
        <line num="29" type="method" name="__construct" visibility="public" complexity="1" crap="1" count="92"/>
        <line num="31" type="stmt" count="92"/>
        <line num="32" type="stmt" count="92"/>
        <line num="35" type="method" name="getId" visibility="public" complexity="1" crap="1" count="49"/>
        <line num="37" type="stmt" count="49"/>
        <line num="40" type="method" name="setId" visibility="public" complexity="1" crap="1" count="45"/>
        <line num="42" type="stmt" count="45"/>
        <line num="44" type="stmt" count="45"/>
        <line num="47" type="method" name="getDeletedAt" visibility="public" complexity="1" crap="1" count="46"/>
        <line num="49" type="stmt" count="46"/>
        <line num="52" type="method" name="setDeletedAt" visibility="public" complexity="1" crap="1" count="1"/>
        <line num="54" type="stmt" count="1"/>
        <line num="56" type="stmt" count="1"/>
        <line num="59" type="method" name="getCreatedAt" visibility="public" complexity="1" crap="1" count="48"/>
        <line num="61" type="stmt" count="48"/>
        <line num="64" type="method" name="setCreatedAt" visibility="public" complexity="1" crap="1" count="1"/>
        <line num="66" type="stmt" count="1"/>
        <line num="68" type="stmt" count="1"/>
        <line num="71" type="method" name="getUpdatedAt" visibility="public" complexity="1" crap="1" count="46"/>
        <line num="73" type="stmt" count="46"/>
        <line num="76" type="method" name="setUpdatedAt" visibility="public" complexity="1" crap="1" count="1"/>
        <line num="78" type="stmt" count="1"/>
        <line num="80" type="stmt" count="1"/>
        <line num="83" type="method" name="hasAllowedParentPaths" visibility="public" complexity="1" crap="2" count="0"/>
        <line num="85" type="stmt" count="0"/>
        <metrics loc="85" ncloc="85" classes="1" methods="10" coveredmethods="9" conditionals="0" coveredconditionals="0" statements="15" coveredstatements="14" elements="25" coveredelements="23" complexity="10"/>
      </file>
      <file name="/home/erik-poehler/Sites/dom-orm/src/Entity/Data.php">
        <class name="DOM\ORM\Entity\Data" namespace="DOM\ORM\Entity">
          <metrics complexity="0" methods="0" coveredmethods="0" conditionals="0" coveredconditionals="0" statements="0" coveredstatements="0" elements="0" coveredelements="0"/>
        </class>
        <metrics loc="0" ncloc="0" classes="1" methods="0" coveredmethods="0" conditionals="0" coveredconditionals="0" statements="0" coveredstatements="0" elements="0" coveredelements="0" complexity="0"/>
      </file>
      <metrics complexity="10" methods="10" coveredmethods="9" conditionals="0" coveredconditionals="0" statements="15" coveredstatements="14" elements="25" coveredelements="23" classes="2" loc="85" ncloc="85"/>
    </package>
    <file name="/home/erik-poehler/Sites/dom-orm/src/Entity/EntityInterface.php">
      <metrics loc="25" ncloc="25" classes="0" methods="0" coveredmethods="0" conditionals="0" coveredconditionals="0" statements="0" coveredstatements="0" elements="0" coveredelements="0"/>
    </file>
    <package name="DOM\ORM\Mapping">
      <file name="/home/erik-poehler/Sites/dom-orm/src/Mapping/Exclude.php">
        <class name="DOM\ORM\Mapping\Exclude" namespace="DOM\ORM\Mapping">
          <metrics complexity="0" methods="0" coveredmethods="0" conditionals="0" coveredconditionals="0" statements="0" coveredstatements="0" elements="0" coveredelements="0"/>
        </class>
        <metrics loc="0" ncloc="0" classes="1" methods="0" coveredmethods="0" conditionals="0" coveredconditionals="0" statements="0" coveredstatements="0" elements="0" coveredelements="0" complexity="0"/>
      </file>
      <file name="/home/erik-poehler/Sites/dom-orm/src/Mapping/Fragment.php">
        <class name="DOM\ORM\Mapping\Fragment" namespace="DOM\ORM\Mapping">
          <metrics complexity="1" methods="1" coveredmethods="1" conditionals="0" coveredconditionals="0" statements="1" coveredstatements="1" elements="2" coveredelements="2"/>
        </class>
        <line num="14" type="method" name="__construct" visibility="public" complexity="1" crap="1" count="39"/>
        <line num="20" type="stmt" count="39"/>
        <metrics loc="20" ncloc="20" classes="1" methods="1" coveredmethods="1" conditionals="0" coveredconditionals="0" statements="1" coveredstatements="1" elements="2" coveredelements="2" complexity="1"/>
      </file>
      <file name="/home/erik-poehler/Sites/dom-orm/src/Mapping/FragmentMap.php">
        <class name="DOM\ORM\Mapping\FragmentMap" namespace="DOM\ORM\Mapping">
          <metrics complexity="1" methods="1" coveredmethods="0" conditionals="0" coveredconditionals="0" statements="1" coveredstatements="0" elements="2" coveredelements="0"/>
        </class>
        <line num="35" type="method" name="__construct" visibility="public" complexity="1" crap="2" count="8"/>
        <line num="38" type="stmt" count="8"/>
        <metrics loc="38" ncloc="38" classes="1" methods="1" coveredmethods="1" conditionals="0" coveredconditionals="0" statements="1" coveredstatements="1" elements="2" coveredelements="2" complexity="1"/>
      </file>
      <file name="/home/erik-poehler/Sites/dom-orm/src/Mapping/Group.php">
        <class name="DOM\ORM\Mapping\Group" namespace="DOM\ORM\Mapping">
          <metrics complexity="1" methods="1" coveredmethods="1" conditionals="0" coveredconditionals="0" statements="1" coveredstatements="1" elements="2" coveredelements="2"/>
        </class>
        <line num="15" type="method" name="__construct" visibility="public" complexity="1" crap="1" count="15"/>
        <line num="21" type="stmt" count="15"/>
        <metrics loc="21" ncloc="21" classes="1" methods="1" coveredmethods="1" conditionals="0" coveredconditionals="0" statements="1" coveredstatements="1" elements="2" coveredelements="2" complexity="1"/>
      </file>
      <file name="/home/erik-poehler/Sites/dom-orm/src/Mapping/Item.php">
        <class name="DOM\ORM\Mapping\Item" namespace="DOM\ORM\Mapping">
          <metrics complexity="1" methods="1" coveredmethods="1" conditionals="0" coveredconditionals="0" statements="1" coveredstatements="1" elements="2" coveredelements="2"/>
        </class>
        <line num="13" type="method" name="__construct" visibility="public" complexity="1" crap="1" count="38"/>
        <line num="17" type="stmt" count="38"/>
        <metrics loc="17" ncloc="17" classes="1" methods="1" coveredmethods="1" conditionals="0" coveredconditionals="0" statements="1" coveredstatements="1" elements="2" coveredelements="2" complexity="1"/>
      </file>
      <file name="/home/erik-poehler/Sites/dom-orm/src/Mapping/Root.php">
        <class name="DOM\ORM\Mapping\Root" namespace="DOM\ORM\Mapping">
          <metrics complexity="0" methods="0" coveredmethods="0" conditionals="0" coveredconditionals="0" statements="0" coveredstatements="0" elements="0" coveredelements="0"/>
        </class>
        <metrics loc="0" ncloc="0" classes="1" methods="0" coveredmethods="0" conditionals="0" coveredconditionals="0" statements="0" coveredstatements="0" elements="0" coveredelements="0" complexity="0"/>
      </file>
      <file name="/home/erik-poehler/Sites/dom-orm/src/Mapping/Sensitive.php">
        <class name="DOM\ORM\Mapping\Sensitive" namespace="DOM\ORM\Mapping">
          <metrics complexity="0" methods="0" coveredmethods="0" conditionals="0" coveredconditionals="0" statements="0" coveredstatements="0" elements="0" coveredelements="0"/>
        </class>
        <metrics loc="0" ncloc="0" classes="1" methods="0" coveredmethods="0" conditionals="0" coveredconditionals="0" statements="0" coveredstatements="0" elements="0" coveredelements="0" complexity="0"/>
      </file>
      <file name="/home/erik-poehler/Sites/dom-orm/src/Mapping/UniqueConstraint.php">
        <class name="DOM\ORM\Mapping\UniqueConstraint" namespace="DOM\ORM\Mapping">
          <metrics complexity="1" methods="1" coveredmethods="0" conditionals="0" coveredconditionals="0" statements="1" coveredstatements="0" elements="2" coveredelements="0"/>
        </class>
        <line num="13" type="method" name="__construct" visibility="public" complexity="1" crap="2" count="0"/>
        <line num="16" type="stmt" count="0"/>
        <metrics loc="16" ncloc="16" classes="1" methods="1" coveredmethods="0" conditionals="0" coveredconditionals="0" statements="1" coveredstatements="0" elements="2" coveredelements="0" complexity="1"/>
      </file>
      <metrics complexity="5" methods="5" coveredmethods="4" conditionals="0" coveredconditionals="0" statements="5" coveredstatements="4" elements="10" coveredelements="8" classes="8" loc="112" ncloc="112"/>
    </package>
    <package name="DOM\ORM\Repository">
      <file name="/home/erik-poehler/Sites/dom-orm/src/Repository/AbstractEntityRepository.php">
        <class name="DOM\ORM\Repository\AbstractEntityRepository" namespace="DOM\ORM\Repository">
          <metrics complexity="55" methods="12" coveredmethods="3" conditionals="0" coveredconditionals="0" statements="125" coveredstatements="52" elements="137" coveredelements="55"/>
        </class>
        <line num="26" type="method" name="__construct" visibility="public" complexity="1" crap="1" count="21"/>
        <line num="28" type="stmt" count="21"/>
        <line num="29" type="stmt" count="21"/>
        <line num="30" type="stmt" count="21"/>
        <line num="31" type="stmt" count="21"/>
        <line num="32" type="stmt" count="21"/>
        <line num="35" type="method" name="getEntityType" visibility="public" complexity="1" crap="1" count="1"/>
        <line num="37" type="stmt" count="1"/>
        <line num="43" type="method" name="findAll" visibility="public" complexity="5" crap="8.90" count="2"/>
        <line num="45" type="stmt" count="2"/>
        <line num="46" type="stmt" count="2"/>
        <line num="47" type="stmt" count="0"/>
        <line num="48" type="stmt" count="0"/>
        <line num="49" type="stmt" count="0"/>
        <line num="52" type="stmt" count="0"/>
        <line num="55" type="stmt" count="2"/>
        <line num="56" type="stmt" count="2"/>
        <line num="57" type="stmt" count="0"/>
        <line num="60" type="stmt" count="2"/>
        <line num="61" type="stmt" count="1"/>
        <line num="64" type="stmt" count="1"/>
        <line num="66" type="stmt" count="1"/>
        <line num="69" type="method" name="find" visibility="public" complexity="10" crap="25.89" count="16"/>
        <line num="71" type="stmt" count="16"/>
        <line num="72" type="stmt" count="16"/>
        <line num="73" type="stmt" count="1"/>
        <line num="74" type="stmt" count="1"/>
        <line num="75" type="stmt" count="0"/>
        <line num="78" type="stmt" count="1"/>
        <line num="80" type="stmt" count="1"/>
        <line num="83" type="stmt" count="15"/>
        <line num="84" type="stmt" count="15"/>
        <line num="85" type="stmt" count="15"/>
        <line num="86" type="stmt" count="15"/>
        <line num="87" type="stmt" count="15"/>
        <line num="88" type="stmt" count="15"/>
        <line num="89" type="stmt" count="0"/>
        <line num="92" type="stmt" count="15"/>
        <line num="93" type="stmt" count="0"/>
        <line num="96" type="stmt" count="15"/>
        <line num="97" type="stmt" count="2"/>
        <line num="100" type="stmt" count="14"/>
        <line num="102" type="stmt" count="14"/>
        <line num="104" type="stmt" count="14"/>
        <line num="105" type="stmt" count="0"/>
        <line num="109" type="stmt" count="14"/>
        <line num="111" type="stmt" count="14"/>
        <line num="119" type="method" name="findBy" visibility="public" complexity="8" crap="72" count="1"/>
        <line num="121" type="stmt" count="1"/>
        <line num="122" type="stmt" count="0"/>
        <line num="126" type="stmt" count="1"/>
        <line num="127" type="stmt" count="1"/>
        <line num="129" type="stmt" count="0"/>
        <line num="130" type="stmt" count="0"/>
        <line num="131" type="stmt" count="0"/>
        <line num="135" type="stmt" count="1"/>
        <line num="136" type="stmt" count="1"/>
        <line num="137" type="stmt" count="0"/>
        <line num="138" type="stmt" count="0"/>
        <line num="141" type="stmt" count="1"/>
        <line num="142" type="stmt" count="1"/>
        <line num="145" type="stmt" count="1"/>
        <line num="146" type="stmt" count="1"/>
        <line num="147" type="stmt" count="1"/>
        <line num="148" type="stmt" count="0"/>
        <line num="151" type="stmt" count="1"/>
        <line num="153" type="stmt" count="1"/>
        <line num="160" type="method" name="findOneBy" visibility="public" complexity="14" crap="52.37" count="3"/>
        <line num="162" type="stmt" count="3"/>
        <line num="163" type="stmt" count="1"/>
        <line num="167" type="stmt" count="3"/>
        <line num="168" type="stmt" count="3"/>
        <line num="169" type="stmt" count="0"/>
        <line num="170" type="stmt" count="0"/>
        <line num="172" type="stmt" count="0"/>
        <line num="174" type="stmt" count="0"/>
        <line num="178" type="stmt" count="3"/>
        <line num="179" type="stmt" count="3"/>
        <line num="180" type="stmt" count="0"/>
        <line num="181" type="stmt" count="0"/>
        <line num="184" type="stmt" count="3"/>
        <line num="185" type="stmt" count="3"/>
        <line num="188" type="stmt" count="3"/>
        <line num="189" type="stmt" count="3"/>
        <line num="190" type="stmt" count="3"/>
        <line num="191" type="stmt" count="0"/>
        <line num="194" type="stmt" count="3"/>
        <line num="195" type="stmt" count="3"/>
        <line num="196" type="stmt" count="1"/>
        <line num="199" type="stmt" count="2"/>
        <line num="200" type="stmt" count="2"/>
        <line num="201" type="stmt" count="0"/>
        <line num="205" type="stmt" count="2"/>
        <line num="206" type="stmt" count="2"/>
        <line num="207" type="stmt" count="2"/>
        <line num="208" type="stmt" count="2"/>
        <line num="209" type="stmt" count="0"/>
        <line num="213" type="stmt" count="2"/>
        <line num="215" type="stmt" count="2"/>
        <line num="218" type="method" name="remove" visibility="public" complexity="1" crap="2" count="1"/>
        <line num="220" type="stmt" count="1"/>
        <line num="229" type="method" name="getQueryCache" visibility="private" complexity="4" crap="4.13" count="20"/>
        <line num="231" type="stmt" count="20"/>
        <line num="232" type="stmt" count="2"/>
        <line num="234" type="stmt" count="20"/>
        <line num="235" type="stmt" count="20"/>
        <line num="237" type="stmt" count="20"/>
        <line num="243" type="method" name="queryNodes" visibility="private" complexity="2" crap="2" count="19"/>
        <line num="245" type="stmt" count="19"/>
        <line num="247" type="stmt" count="19"/>
        <line num="250" type="method" name="xpathLiteral" visibility="private" complexity="3" crap="12" count="1"/>
        <line num="252" type="stmt" count="1"/>
        <line num="253" type="stmt" count="1"/>
        <line num="256" type="stmt" count="0"/>
        <line num="257" type="stmt" count="0"/>
        <line num="260" type="stmt" count="0"/>
        <line num="261" type="stmt" count="0"/>
        <line num="263" type="stmt" count="0"/>
        <line num="266" type="method" name="toXPathValue" visibility="private" complexity="3" crap="3.33" count="21"/>
        <line num="268" type="stmt" count="21"/>
        <line num="269" type="stmt" count="21"/>
        <line num="272" type="stmt" count="1"/>
        <line num="280" type="method" name="buildFragmentPredicate" visibility="private" complexity="3" crap="3.71" count="4"/>
        <line num="282" type="stmt" count="4"/>
        <line num="285" type="stmt" count="4"/>
        <line num="286" type="stmt" count="4"/>
        <line num="288" type="stmt" count="2"/>
        <line num="290" type="stmt" count="2"/>
        <line num="291" type="stmt" count="2"/>
        <line num="292" type="stmt" count="2"/>
        <line num="293" type="stmt" count="2"/>
        <line num="294" type="stmt" count="2"/>
        <line num="297" type="stmt" count="2"/>
        <line num="298" type="stmt" count="2"/>
        <line num="299" type="stmt" count="2"/>
        <line num="300" type="stmt" count="2"/>
        <line num="301" type="stmt" count="2"/>
        <metrics loc="301" ncloc="301" classes="1" methods="12" coveredmethods="12" conditionals="0" coveredconditionals="0" statements="125" coveredstatements="95" elements="137" coveredelements="107" complexity="55"/>
      </file>
      <file name="/home/erik-poehler/Sites/dom-orm/src/Repository/EntityRepository.php">
        <class name="DOM\ORM\Repository\EntityRepository" namespace="DOM\ORM\Repository">
          <metrics complexity="2" methods="1" coveredmethods="1" conditionals="0" coveredconditionals="0" statements="4" coveredstatements="4" elements="5" coveredelements="5"/>
        </class>
        <line num="10" type="method" name="__construct" visibility="public" complexity="2" crap="2" count="22"/>
        <line num="12" type="stmt" count="22"/>
        <line num="13" type="stmt" count="22"/>
        <line num="14" type="stmt" count="1"/>
        <line num="16" type="stmt" count="21"/>
        <metrics loc="16" ncloc="16" classes="1" methods="1" coveredmethods="1" conditionals="0" coveredconditionals="0" statements="4" coveredstatements="4" elements="5" coveredelements="5" complexity="2"/>
      </file>
      <metrics complexity="57" methods="13" coveredmethods="13" conditionals="0" coveredconditionals="0" statements="129" coveredstatements="99" elements="142" coveredelements="112" classes="2" loc="317" ncloc="317"/>
    </package>
    <file name="/home/erik-poehler/Sites/dom-orm/src/Repository/EntityRepositoryInterface.php">
      <metrics loc="34" ncloc="22" classes="0" methods="0" coveredmethods="0" conditionals="0" coveredconditionals="0" statements="0" coveredstatements="0" elements="0" coveredelements="0"/>
    </file>
    <package name="DOM\ORM\Serializer\Encoder">
      <file name="/home/erik-poehler/Sites/dom-orm/src/Serializer/Encoder/SchemaDecoder.php">
        <class name="DOM\ORM\Serializer\Encoder\SchemaDecoder" namespace="DOM\ORM\Serializer\Encoder">
          <metrics complexity="29" methods="7" coveredmethods="1" conditionals="0" coveredconditionals="0" statements="74" coveredstatements="3" elements="81" coveredelements="4"/>
        </class>
        <line num="15" type="method" name="__construct" visibility="public" complexity="1" crap="1" count="25"/>
        <line num="17" type="stmt" count="25"/>
        <line num="18" type="stmt" count="25"/>
        <line num="19" type="stmt" count="25"/>
        <line num="22" type="method" name="supportsDecoding" visibility="public" complexity="1" crap="2" count="0"/>
        <line num="24" type="stmt" count="0"/>
        <line num="32" type="method" name="decode" visibility="public" complexity="15" crap="240" count="17"/>
        <line num="34" type="stmt" count="17"/>
        <line num="36" type="stmt" count="17"/>
        <line num="37" type="stmt" count="0"/>
        <line num="38" type="stmt" count="0"/>
        <line num="39" type="stmt" count="0"/>
        <line num="41" type="stmt" count="0"/>
        <line num="42" type="stmt" count="0"/>
        <line num="43" type="stmt" count="0"/>
        <line num="46" type="stmt" count="17"/>
        <line num="47" type="stmt" count="0"/>
        <line num="48" type="stmt" count="0"/>
        <line num="52" type="stmt" count="17"/>
        <line num="53" type="stmt" count="17"/>
        <line num="54" type="stmt" count="17"/>
        <line num="55" type="stmt" count="17"/>
        <line num="56" type="stmt" count="17"/>
        <line num="59" type="stmt" count="17"/>
        <line num="60" type="stmt" count="15"/>
        <line num="61" type="stmt" count="15"/>
        <line num="62" type="stmt" count="15"/>
        <line num="63" type="stmt" count="15"/>
        <line num="64" type="stmt" count="15"/>
        <line num="65" type="stmt" count="15"/>
        <line num="69" type="stmt" count="17"/>
        <line num="70" type="stmt" count="17"/>
        <line num="71" type="stmt" count="15"/>
        <line num="72" type="stmt" count="3"/>
        <line num="73" type="stmt" count="17"/>
        <line num="74" type="stmt" count="17"/>
        <line num="75" type="stmt" count="0"/>
        <line num="76" type="stmt" count="17"/>
        <line num="78" type="stmt" count="17"/>
        <line num="85" type="method" name="decodeData" visibility="private" complexity="3" crap="12" count="15"/>
        <line num="87" type="stmt" count="15"/>
        <line num="88" type="stmt" count="15"/>
        <line num="89" type="stmt" count="15"/>
        <line num="90" type="stmt" count="0"/>
        <line num="92" type="stmt" count="15"/>
        <line num="95" type="stmt" count="15"/>
        <line num="96" type="stmt" count="15"/>
        <line num="97" type="stmt" count="15"/>
        <line num="104" type="method" name="decodeGroup" visibility="private" complexity="4" crap="20" count="3"/>
        <line num="106" type="stmt" count="3"/>
        <line num="107" type="stmt" count="3"/>
        <line num="108" type="stmt" count="3"/>
        <line num="109" type="stmt" count="3"/>
        <line num="110" type="stmt" count="0"/>
        <line num="112" type="stmt" count="3"/>
        <line num="113" type="stmt" count="3"/>
        <line num="114" type="stmt" count="3"/>
        <line num="118" type="stmt" count="3"/>
        <line num="119" type="stmt" count="3"/>
        <line num="120" type="stmt" count="3"/>
        <line num="127" type="method" name="decodeItem" visibility="private" complexity="4" crap="20" count="17"/>
        <line num="129" type="stmt" count="17"/>
        <line num="131" type="stmt" count="17"/>
        <line num="132" type="stmt" count="17"/>
        <line num="133" type="stmt" count="17"/>
        <line num="134" type="stmt" count="17"/>
        <line num="136" type="stmt" count="17"/>
        <line num="137" type="stmt" count="17"/>
        <line num="138" type="stmt" count="1"/>
        <line num="140" type="stmt" count="17"/>
        <line num="141" type="stmt" count="17"/>
        <line num="142" type="stmt" count="17"/>
        <line num="146" type="stmt" count="17"/>
        <line num="147" type="stmt" count="17"/>
        <line num="148" type="stmt" count="17"/>
        <line num="155" type="method" name="decodeFragment" visibility="private" complexity="1" crap="2" count="17"/>
        <line num="157" type="stmt" count="17"/>
        <line num="158" type="stmt" count="17"/>
        <line num="160" type="stmt" count="17"/>
        <line num="161" type="stmt" count="17"/>
        <line num="162" type="stmt" count="17"/>
        <metrics loc="162" ncloc="162" classes="1" methods="7" coveredmethods="6" conditionals="0" coveredconditionals="0" statements="74" coveredstatements="62" elements="81" coveredelements="68" complexity="29"/>
      </file>
      <file name="/home/erik-poehler/Sites/dom-orm/src/Serializer/Encoder/SchemaEncoder.php">
        <class name="DOM\ORM\Serializer\Encoder\SchemaEncoder" namespace="DOM\ORM\Serializer\Encoder">
          <metrics complexity="38" methods="8" coveredmethods="5" conditionals="0" coveredconditionals="0" statements="105" coveredstatements="85" elements="113" coveredelements="90"/>
        </class>
        <line num="16" type="method" name="__construct" visibility="public" complexity="1" crap="1" count="46"/>
        <line num="18" type="stmt" count="46"/>
        <line num="19" type="stmt" count="46"/>
        <line num="20" type="stmt" count="46"/>
        <line num="23" type="method" name="supportsEncoding" visibility="public" complexity="1" crap="1" count="2"/>
        <line num="25" type="stmt" count="2"/>
        <line num="31" type="method" name="encode" visibility="public" complexity="15" crap="16.21" count="41"/>
        <line num="33" type="stmt" count="41"/>
        <line num="34" type="stmt" count="2"/>
        <line num="39" type="stmt" count="40"/>
        <line num="40" type="stmt" count="40"/>
        <line num="41" type="stmt" count="40"/>
        <line num="42" type="stmt" count="40"/>
        <line num="45" type="stmt" count="40"/>
        <line num="46" type="stmt" count="40"/>
        <line num="48" type="stmt" count="40"/>
        <line num="49" type="stmt" count="40"/>
        <line num="51" type="stmt" count="40"/>
        <line num="52" type="stmt" count="4"/>
        <line num="55" type="stmt" count="40"/>
        <line num="56" type="stmt" count="40"/>
        <line num="57" type="stmt" count="40"/>
        <line num="59" type="stmt" count="40"/>
        <line num="60" type="stmt" count="5"/>
        <line num="61" type="stmt" count="5"/>
        <line num="63" type="stmt" count="5"/>
        <line num="64" type="stmt" count="5"/>
        <line num="65" type="stmt" count="5"/>
        <line num="67" type="stmt" count="4"/>
        <line num="70" type="stmt" count="39"/>
        <line num="71" type="stmt" count="5"/>
        <line num="72" type="stmt" count="5"/>
        <line num="73" type="stmt" count="5"/>
        <line num="74" type="stmt" count="5"/>
        <line num="75" type="stmt" count="5"/>
        <line num="78" type="stmt" count="39"/>
        <line num="79" type="stmt" count="4"/>
        <line num="82" type="stmt" count="39"/>
        <line num="83" type="stmt" count="39"/>
        <line num="84" type="stmt" count="39"/>
        <line num="85" type="stmt" count="39"/>
        <line num="86" type="stmt" count="39"/>
        <line num="87" type="stmt" count="39"/>
        <line num="88" type="stmt" count="39"/>
        <line num="89" type="stmt" count="39"/>
        <line num="93" type="stmt" count="39"/>
        <line num="95" type="stmt" count="39"/>
        <line num="102" type="method" name="decode" visibility="public" complexity="11" crap="11.21" count="11"/>
        <line num="104" type="stmt" count="11"/>
        <line num="106" type="stmt" count="11"/>
        <line num="107" type="stmt" count="10"/>
        <line num="108" type="stmt" count="10"/>
        <line num="109" type="stmt" count="1"/>
        <line num="111" type="stmt" count="9"/>
        <line num="112" type="stmt" count="9"/>
        <line num="113" type="stmt" count="9"/>
        <line num="116" type="stmt" count="10"/>
        <line num="117" type="stmt" count="10"/>
        <line num="118" type="stmt" count="0"/>
        <line num="122" type="stmt" count="10"/>
        <line num="123" type="stmt" count="9"/>
        <line num="124" type="stmt" count="9"/>
        <line num="125" type="stmt" count="9"/>
        <line num="126" type="stmt" count="9"/>
        <line num="129" type="stmt" count="10"/>
        <line num="131" type="stmt" count="10"/>
        <line num="132" type="stmt" count="10"/>
        <line num="133" type="stmt" count="0"/>
        <line num="134" type="stmt" count="9"/>
        <line num="135" type="stmt" count="9"/>
        <line num="136" type="stmt" count="0"/>
        <line num="137" type="stmt" count="10"/>
        <line num="139" type="stmt" count="10"/>
        <line num="146" type="method" name="decodeData" visibility="private" complexity="3" crap="3" count="10"/>
        <line num="148" type="stmt" count="10"/>
        <line num="149" type="stmt" count="10"/>
        <line num="150" type="stmt" count="9"/>
        <line num="151" type="stmt" count="6"/>
        <line num="153" type="stmt" count="9"/>
        <line num="156" type="stmt" count="10"/>
        <line num="157" type="stmt" count="10"/>
        <line num="158" type="stmt" count="10"/>
        <line num="165" type="method" name="decodeGroup" visibility="private" complexity="3" crap="12" count="0"/>
        <line num="167" type="stmt" count="0"/>
        <line num="168" type="stmt" count="0"/>
        <line num="169" type="stmt" count="0"/>
        <line num="170" type="stmt" count="0"/>
        <line num="171" type="stmt" count="0"/>
        <line num="173" type="stmt" count="0"/>
        <line num="174" type="stmt" count="0"/>
        <line num="177" type="stmt" count="0"/>
        <line num="178" type="stmt" count="0"/>
        <line num="179" type="stmt" count="0"/>
        <line num="186" type="method" name="decodeItem" visibility="private" complexity="3" crap="3" count="9"/>
        <line num="188" type="stmt" count="9"/>
        <line num="190" type="stmt" count="9"/>
        <line num="191" type="stmt" count="9"/>
        <line num="192" type="stmt" count="9"/>
        <line num="193" type="stmt" count="9"/>
        <line num="195" type="stmt" count="9"/>
        <line num="196" type="stmt" count="9"/>
        <line num="197" type="stmt" count="6"/>
        <line num="199" type="stmt" count="9"/>
        <line num="200" type="stmt" count="9"/>
        <line num="203" type="stmt" count="9"/>
        <line num="204" type="stmt" count="9"/>
        <line num="205" type="stmt" count="9"/>
        <line num="212" type="method" name="decodeFragment" visibility="private" complexity="1" crap="1" count="9"/>
        <line num="214" type="stmt" count="9"/>
        <line num="215" type="stmt" count="9"/>
        <line num="217" type="stmt" count="9"/>
        <line num="218" type="stmt" count="9"/>
        <line num="219" type="stmt" count="9"/>
        <metrics loc="219" ncloc="219" classes="1" methods="8" coveredmethods="7" conditionals="0" coveredconditionals="0" statements="105" coveredstatements="92" elements="113" coveredelements="99" complexity="38"/>
      </file>
      <metrics complexity="67" methods="15" coveredmethods="13" conditionals="0" coveredconditionals="0" statements="179" coveredstatements="154" elements="194" coveredelements="167" classes="2" loc="381" ncloc="381"/>
    </package>
    <file name="/home/erik-poehler/Sites/dom-orm/src/Serializer/Encoder/SchemaDecoderInterface.php">
      <metrics loc="13" ncloc="10" classes="0" methods="0" coveredmethods="0" conditionals="0" coveredconditionals="0" statements="0" coveredstatements="0" elements="0" coveredelements="0"/>
    </file>
    <file name="/home/erik-poehler/Sites/dom-orm/src/Serializer/Encoder/SchemaEncoderInterface.php">
      <metrics loc="13" ncloc="10" classes="0" methods="0" coveredmethods="0" conditionals="0" coveredconditionals="0" statements="0" coveredstatements="0" elements="0" coveredelements="0"/>
    </file>
    <package name="DOM\ORM\Serializer\Normalizer">
      <file name="/home/erik-poehler/Sites/dom-orm/src/Serializer/Normalizer/SchemaDenormalizer.php">
        <class name="DOM\ORM\Serializer\Normalizer\SchemaDenormalizer" namespace="DOM\ORM\Serializer\Normalizer">
          <metrics complexity="73" methods="10" coveredmethods="4" conditionals="0" coveredconditionals="0" statements="145" coveredstatements="87" elements="155" coveredelements="91"/>
        </class>
        <line num="27" type="method" name="__construct" visibility="public" complexity="1" crap="1" count="54"/>
        <line num="30" type="stmt" count="54"/>
        <line num="32" type="method" name="denormalize" visibility="public" complexity="4" crap="4" count="45"/>
        <line num="34" type="stmt" count="45"/>
        <line num="37" type="stmt" count="45"/>
        <line num="40" type="stmt" count="45"/>
        <line num="41" type="stmt" count="44"/>
        <line num="42" type="stmt" count="44"/>
        <line num="43" type="stmt" count="44"/>
        <line num="44" type="stmt" count="44"/>
        <line num="47" type="stmt" count="44"/>
        <line num="50" type="stmt" count="1"/>
        <line num="53" type="method" name="supportsDenormalization" visibility="public" complexity="8" crap="72" count="0"/>
        <line num="59" type="stmt" count="0"/>
        <line num="60" type="stmt" count="0"/>
        <line num="61" type="stmt" count="0"/>
        <line num="64" type="stmt" count="0"/>
        <line num="66" type="stmt" count="0"/>
        <line num="67" type="stmt" count="0"/>
        <line num="68" type="stmt" count="0"/>
        <line num="69" type="stmt" count="0"/>
        <line num="73" type="stmt" count="0"/>
        <line num="74" type="stmt" count="0"/>
        <line num="75" type="stmt" count="0"/>
        <line num="79" type="stmt" count="0"/>
        <line num="80" type="stmt" count="0"/>
        <line num="83" type="stmt" count="0"/>
        <line num="86" type="method" name="getSupportedTypes" visibility="public" complexity="2" crap="2" count="1"/>
        <line num="88" type="stmt" count="1"/>
        <line num="90" type="stmt" count="1"/>
        <line num="91" type="stmt" count="1"/>
        <line num="93" type="stmt" count="1"/>
        <line num="96" type="method" name="hasCacheableSupportsMethod" visibility="public" complexity="1" crap="1" count="1"/>
        <line num="98" type="stmt" count="1"/>
        <line num="104" type="method" name="instantiateEntity" visibility="private" complexity="37" crap="98.38" count="44"/>
        <line num="106" type="stmt" count="44"/>
        <line num="107" type="stmt" count="44"/>
        <line num="110" type="stmt" count="44"/>
        <line num="111" type="stmt" count="44"/>
        <line num="112" type="stmt" count="5"/>
        <line num="113" type="stmt" count="5"/>
        <line num="114" type="stmt" count="5"/>
        <line num="116" type="stmt" count="3"/>
        <line num="118" type="stmt" count="1"/>
        <line num="121" type="stmt" count="3"/>
        <line num="126" type="stmt" count="44"/>
        <line num="127" type="stmt" count="44"/>
        <line num="128" type="stmt" count="9"/>
        <line num="131" type="stmt" count="9"/>
        <line num="133" type="stmt" count="9"/>
        <line num="134" type="stmt" count="9"/>
        <line num="135" type="stmt" count="2"/>
        <line num="137" type="stmt" count="7"/>
        <line num="138" type="stmt" count="7"/>
        <line num="139" type="stmt" count="2"/>
        <line num="141" type="stmt" count="5"/>
        <line num="142" type="stmt" count="5"/>
        <line num="143" type="stmt" count="5"/>
        <line num="144" type="stmt" count="5"/>
        <line num="149" type="stmt" count="44"/>
        <line num="151" type="stmt" count="44"/>
        <line num="152" type="stmt" count="44"/>
        <line num="154" type="stmt" count="44"/>
        <line num="156" type="stmt" count="44"/>
        <line num="157" type="stmt" count="44"/>
        <line num="158" type="stmt" count="44"/>
        <line num="161" type="stmt" count="43"/>
        <line num="164" type="stmt" count="43"/>
        <line num="165" type="stmt" count="43"/>
        <line num="166" type="stmt" count="43"/>
        <line num="167" type="stmt" count="43"/>
        <line num="169" type="stmt" count="3"/>
        <line num="170" type="stmt" count="3"/>
        <line num="174" type="stmt" count="43"/>
        <line num="175" type="stmt" count="43"/>
        <line num="177" type="stmt" count="1"/>
        <line num="178" type="stmt" count="1"/>
        <line num="181" type="stmt" count="43"/>
        <line num="182" type="stmt" count="43"/>
        <line num="183" type="stmt" count="28"/>
        <line num="186" type="stmt" count="43"/>
        <line num="187" type="stmt" count="42"/>
        <line num="190" type="stmt" count="43"/>
        <line num="191" type="stmt" count="43"/>
        <line num="196" type="stmt" count="44"/>
        <line num="197" type="stmt" count="44"/>
        <line num="198" type="stmt" count="44"/>
        <line num="199" type="stmt" count="44"/>
        <line num="200" type="stmt" count="44"/>
        <line num="205" type="stmt" count="43"/>
        <line num="206" type="stmt" count="43"/>
        <line num="210" type="stmt" count="1"/>
        <line num="211" type="stmt" count="1"/>
        <line num="212" type="stmt" count="1"/>
        <line num="213" type="stmt" count="1"/>
        <line num="215" type="stmt" count="0"/>
        <line num="219" type="stmt" count="1"/>
        <line num="220" type="stmt" count="1"/>
        <line num="222" type="stmt" count="0"/>
        <line num="225" type="stmt" count="1"/>
        <line num="226" type="stmt" count="0"/>
        <line num="229" type="stmt" count="1"/>
        <line num="231" type="stmt" count="1"/>
        <line num="232" type="stmt" count="1"/>
        <line num="236" type="stmt" count="0"/>
        <line num="237" type="stmt" count="0"/>
        <line num="238" type="stmt" count="0"/>
        <line num="239" type="stmt" count="0"/>
        <line num="240" type="stmt" count="0"/>
        <line num="244" type="stmt" count="0"/>
        <line num="247" type="stmt" count="44"/>
        <line num="254" type="method" name="resolveFragmentDataTypes" visibility="private" complexity="3" crap="3.03" count="44"/>
        <line num="256" type="stmt" count="44"/>
        <line num="257" type="stmt" count="44"/>
        <line num="258" type="stmt" count="44"/>
        <line num="259" type="stmt" count="0"/>
        <line num="262" type="stmt" count="44"/>
        <line num="263" type="stmt" count="44"/>
        <line num="266" type="stmt" count="44"/>
        <line num="272" type="method" name="decodeJsonScalarArray" visibility="private" complexity="4" crap="12.58" count="1"/>
        <line num="275" type="stmt" count="1"/>
        <line num="276" type="stmt" count="0"/>
        <line num="277" type="stmt" count="0"/>
        <line num="278" type="stmt" count="0"/>
        <line num="279" type="stmt" count="0"/>
        <line num="280" type="stmt" count="0"/>
        <line num="281" type="stmt" count="0"/>
        <line num="282" type="stmt" count="0"/>
        <line num="285" type="stmt" count="1"/>
        <line num="286" type="stmt" count="0"/>
        <line num="287" type="stmt" count="0"/>
        <line num="288" type="stmt" count="0"/>
        <line num="289" type="stmt" count="0"/>
        <line num="290" type="stmt" count="0"/>
        <line num="291" type="stmt" count="0"/>
        <line num="294" type="stmt" count="1"/>
        <line num="300" type="method" name="isJsonScalarArray" visibility="private" complexity="6" crap="6.40" count="1"/>
        <line num="302" type="stmt" count="1"/>
        <line num="303" type="stmt" count="1"/>
        <line num="304" type="stmt" count="1"/>
        <line num="305" type="stmt" count="0"/>
        <line num="308" type="stmt" count="1"/>
        <line num="311" type="stmt" count="1"/>
        <line num="312" type="stmt" count="1"/>
        <line num="315" type="stmt" count="0"/>
        <line num="318" type="stmt" count="1"/>
        <line num="325" type="method" name="castScalar" visibility="private" complexity="7" crap="7.10" count="42"/>
        <line num="327" type="stmt" count="42"/>
        <line num="328" type="stmt" count="0"/>
        <line num="331" type="stmt" count="42"/>
        <line num="332" type="stmt" count="16"/>
        <line num="333" type="stmt" count="16"/>
        <line num="334" type="stmt" count="16"/>
        <line num="335" type="stmt" count="42"/>
        <line num="336" type="stmt" count="42"/>
        <metrics loc="336" ncloc="336" classes="1" methods="10" coveredmethods="9" conditionals="0" coveredconditionals="0" statements="145" coveredstatements="105" elements="155" coveredelements="114" complexity="73"/>
      </file>
      <file name="/home/erik-poehler/Sites/dom-orm/src/Serializer/Normalizer/SchemaNormalizer.php">
        <class name="DOM\ORM\Serializer\Normalizer\SchemaNormalizer" namespace="DOM\ORM\Serializer\Normalizer">
          <metrics complexity="45" methods="7" coveredmethods="3" conditionals="0" coveredconditionals="0" statements="103" coveredstatements="73" elements="110" coveredelements="76"/>
        </class>
        <line num="20" type="method" name="__construct" visibility="public" complexity="1" crap="1" count="49"/>
        <line num="23" type="stmt" count="49"/>
        <line num="29" type="method" name="normalize" visibility="public" complexity="26" crap="29.96" count="46"/>
        <line num="31" type="stmt" count="46"/>
        <line num="32" type="stmt" count="1"/>
        <line num="35" type="stmt" count="45"/>
        <line num="36" type="stmt" count="45"/>
        <line num="37" type="stmt" count="45"/>
        <line num="38" type="stmt" count="45"/>
        <line num="39" type="stmt" count="45"/>
        <line num="40" type="stmt" count="45"/>
        <line num="41" type="stmt" count="45"/>
        <line num="43" type="stmt" count="45"/>
        <line num="44" type="stmt" count="45"/>
        <line num="45" type="stmt" count="45"/>
        <line num="46" type="stmt" count="45"/>
        <line num="48" type="stmt" count="45"/>
        <line num="49" type="stmt" count="45"/>
        <line num="51" type="stmt" count="0"/>
        <line num="54" type="stmt" count="45"/>
        <line num="55" type="stmt" count="44"/>
        <line num="58" type="stmt" count="45"/>
        <line num="59" type="stmt" count="2"/>
        <line num="60" type="stmt" count="1"/>
        <line num="61" type="stmt" count="1"/>
        <line num="62" type="stmt" count="1"/>
        <line num="63" type="stmt" count="1"/>
        <line num="64" type="stmt" count="1"/>
        <line num="65" type="stmt" count="1"/>
        <line num="68" type="stmt" count="1"/>
        <line num="71" type="stmt" count="44"/>
        <line num="72" type="stmt" count="11"/>
        <line num="77" type="stmt" count="44"/>
        <line num="78" type="stmt" count="44"/>
        <line num="79" type="stmt" count="44"/>
        <line num="80" type="stmt" count="44"/>
        <line num="82" type="stmt" count="5"/>
        <line num="83" type="stmt" count="5"/>
        <line num="84" type="stmt" count="5"/>
        <line num="85" type="stmt" count="5"/>
        <line num="88" type="stmt" count="44"/>
        <line num="91" type="stmt" count="44"/>
        <line num="93" type="stmt" count="44"/>
        <line num="94" type="stmt" count="41"/>
        <line num="97" type="stmt" count="9"/>
        <line num="98" type="stmt" count="9"/>
        <line num="99" type="stmt" count="9"/>
        <line num="101" type="stmt" count="9"/>
        <line num="102" type="stmt" count="9"/>
        <line num="104" type="stmt" count="0"/>
        <line num="107" type="stmt" count="9"/>
        <line num="108" type="stmt" count="3"/>
        <line num="111" type="stmt" count="6"/>
        <line num="113" type="stmt" count="2"/>
        <line num="114" type="stmt" count="4"/>
        <line num="115" type="stmt" count="4"/>
        <line num="116" type="stmt" count="4"/>
        <line num="117" type="stmt" count="0"/>
        <line num="119" type="stmt" count="4"/>
        <line num="122" type="stmt" count="0"/>
        <line num="123" type="stmt" count="0"/>
        <line num="124" type="stmt" count="0"/>
        <line num="125" type="stmt" count="0"/>
        <line num="129" type="stmt" count="9"/>
        <line num="132" type="method" name="supportsNormalization" visibility="public" complexity="5" crap="6.81" count="3"/>
        <line num="137" type="stmt" count="3"/>
        <line num="138" type="stmt" count="1"/>
        <line num="141" type="stmt" count="2"/>
        <line num="142" type="stmt" count="0"/>
        <line num="145" type="stmt" count="2"/>
        <line num="146" type="stmt" count="0"/>
        <line num="147" type="stmt" count="0"/>
        <line num="148" type="stmt" count="0"/>
        <line num="150" type="stmt" count="0"/>
        <line num="153" type="stmt" count="2"/>
        <line num="154" type="stmt" count="1"/>
        <line num="157" type="stmt" count="1"/>
        <line num="160" type="method" name="getSupportedTypes" visibility="public" complexity="2" crap="2" count="1"/>
        <line num="162" type="stmt" count="1"/>
        <line num="164" type="stmt" count="1"/>
        <line num="165" type="stmt" count="1"/>
        <line num="167" type="stmt" count="1"/>
        <line num="170" type="method" name="hasCacheableSupportsMethod" visibility="public" complexity="1" crap="1" count="1"/>
        <line num="172" type="stmt" count="1"/>
        <line num="178" type="method" name="encodeJsonScalarArray" visibility="private" complexity="4" crap="12.19" count="1"/>
        <line num="180" type="stmt" count="1"/>
        <line num="181" type="stmt" count="1"/>
        <line num="182" type="stmt" count="0"/>
        <line num="183" type="stmt" count="0"/>
        <line num="184" type="stmt" count="0"/>
        <line num="185" type="stmt" count="0"/>
        <line num="186" type="stmt" count="0"/>
        <line num="187" type="stmt" count="0"/>
        <line num="191" type="stmt" count="1"/>
        <line num="192" type="stmt" count="0"/>
        <line num="193" type="stmt" count="0"/>
        <line num="194" type="stmt" count="0"/>
        <line num="195" type="stmt" count="0"/>
        <line num="196" type="stmt" count="0"/>
        <line num="197" type="stmt" count="0"/>
        <line num="204" type="method" name="isJsonScalarArray" visibility="private" complexity="6" crap="6.40" count="1"/>
        <line num="206" type="stmt" count="1"/>
        <line num="207" type="stmt" count="1"/>
        <line num="208" type="stmt" count="1"/>
        <line num="209" type="stmt" count="0"/>
        <line num="212" type="stmt" count="1"/>
        <line num="215" type="stmt" count="1"/>
        <line num="216" type="stmt" count="1"/>
        <line num="219" type="stmt" count="0"/>
        <line num="222" type="stmt" count="1"/>
        <metrics loc="222" ncloc="222" classes="1" methods="7" coveredmethods="7" conditionals="0" coveredconditionals="0" statements="103" coveredstatements="77" elements="110" coveredelements="84" complexity="45"/>
      </file>
      <metrics complexity="118" methods="17" coveredmethods="16" conditionals="0" coveredconditionals="0" statements="248" coveredstatements="182" elements="265" coveredelements="198" classes="2" loc="558" ncloc="558"/>
    </package>
    <package name="DOM\ORM\Serializer">
      <file name="/home/erik-poehler/Sites/dom-orm/src/Serializer/SchemaSerializer.php">
        <class name="DOM\ORM\Serializer\SchemaSerializer" namespace="DOM\ORM\Serializer">
[...]
        <line num="135" type="stmt" count="0"/>
        <line num="136" type="stmt" count="0"/>
        <line num="137" type="stmt" count="0"/>
        <line num="139" type="stmt" count="0"/>
        <line num="142" type="method" name="save" visibility="public" complexity="4" crap="20" count="0"/>
        <line num="144" type="stmt" count="0"/>
        <line num="146" type="stmt" count="0"/>
        <line num="147" type="stmt" count="0"/>
        <line num="148" type="stmt" count="0"/>
        <line num="149" type="stmt" count="0"/>
        <line num="151" type="stmt" count="0"/>
        <line num="152" type="stmt" count="0"/>
        <line num="157" type="stmt" count="0"/>
        <line num="159" type="stmt" count="0"/>
        <line num="160" type="stmt" count="0"/>
        <line num="165" type="method" name="removeById" visibility="public" complexity="4" crap="4.05" count="2"/>
        <line num="167" type="stmt" count="2"/>
        <line num="168" type="stmt" count="2"/>
        <line num="169" type="stmt" count="2"/>
        <line num="170" type="stmt" count="2"/>
        <line num="171" type="stmt" count="0"/>
        <line num="173" type="stmt" count="2"/>
        <line num="174" type="stmt" count="2"/>
        <line num="177" type="method" name="getEmptyDom" visibility="public" complexity="1" crap="1" count="36"/>
        <line num="179" type="stmt" count="36"/>
        <line num="180" type="stmt" count="36"/>
        <line num="181" type="stmt" count="36"/>
        <line num="182" type="stmt" count="36"/>
        <line num="183" type="stmt" count="36"/>
        <line num="185" type="stmt" count="36"/>
        <line num="188" type="method" name="getEncryptionService" visibility="protected" complexity="1" crap="1" count="21"/>
        <line num="190" type="stmt" count="21"/>
        <line num="193" type="method" name="initializeServices" visibility="private" complexity="3" crap="3" count="36"/>
        <line num="195" type="stmt" count="36"/>
        <line num="196" type="stmt" count="9"/>
        <line num="199" type="stmt" count="36"/>
        <line num="200" type="stmt" count="36"/>
        <line num="203" type="stmt" count="36"/>
        <line num="204" type="stmt" count="31"/>
        <line num="208" type="stmt" count="36"/>
        <line num="209" type="stmt" count="36"/>
        <line num="212" type="method" name="loadData" visibility="private" complexity="2" crap="2.31" count="36"/>
        <line num="214" type="stmt" count="36"/>
        <line num="217" type="stmt" count="36"/>
        <line num="218" type="stmt" count="0"/>
        <line num="219" type="stmt" count="0"/>
        <line num="220" type="stmt" count="0"/>
        <line num="223" type="stmt" count="36"/>
        <line num="224" type="stmt" count="36"/>
        <line num="227" type="method" name="withWriteLock" visibility="private" complexity="3" crap="3" count="27"/>
        <line num="229" type="stmt" count="27"/>
        <line num="231" type="stmt" count="27"/>
        <line num="232" type="stmt" count="27"/>
        <line num="233" type="stmt" count="27"/>
        <line num="234" type="stmt" count="27"/>
        <line num="238" type="stmt" count="27"/>
        <line num="239" type="stmt" count="27"/>
        <line num="240" type="stmt" count="26"/>
        <line num="242" type="stmt" count="27"/>
        <line num="243" type="stmt" count="27"/>
        <line num="248" type="method" name="writeCurrentState" visibility="private" complexity="4" crap="4.25" count="26"/>
        <line num="250" type="stmt" count="26"/>
        <line num="251" type="stmt" count="26"/>
        <line num="253" type="stmt" count="26"/>
        <line num="254" type="stmt" count="2"/>
        <line num="255" type="stmt" count="2"/>
        <line num="258" type="stmt" count="26"/>
        <line num="259" type="stmt" count="0"/>
        <line num="260" type="stmt" count="0"/>
        <line num="264" type="method" name="getSerializer" visibility="private" complexity="1" crap="1" count="24"/>
        <line num="266" type="stmt" count="24"/>
        <line num="267" type="stmt" count="24"/>
        <line num="268" type="stmt" count="24"/>
        <line num="269" type="stmt" count="24"/>
        <line num="270" type="stmt" count="24"/>
        <line num="271" type="stmt" count="24"/>
        <line num="278" type="method" name="createGroupFromXPath" visibility="private" complexity="2" crap="2.02" count="1"/>
        <line num="280" type="stmt" count="1"/>
        <line num="281" type="stmt" count="1"/>
        <line num="282" type="stmt" count="1"/>
        <line num="283" type="stmt" count="1"/>
        <line num="285" type="stmt" count="1"/>
        <line num="288" type="stmt" count="0"/>
        <metrics loc="288" ncloc="288" classes="1" methods="13" coveredmethods="11" conditionals="0" coveredconditionals="0" statements="119" coveredstatements="82" elements="132" coveredelements="93" complexity="49"/>
      </file>
      <metrics complexity="94" methods="25" coveredmethods="23" conditionals="0" coveredconditionals="0" statements="221" coveredstatements="176" elements="246" coveredelements="199" classes="2" loc="595" ncloc="595"/>
    </package>
    <package name="DOM\ORM\Vcs">
      <file name="/home/erik-poehler/Sites/dom-orm/src/Vcs/GitAdapter.php">
        <class name="DOM\ORM\Vcs\GitAdapter" namespace="DOM\ORM\Vcs">
          <metrics complexity="6" methods="4" coveredmethods="1" conditionals="0" coveredconditionals="0" statements="13" coveredstatements="2" elements="17" coveredelements="3"/>
        </class>
        <line num="11" type="method" name="checkInstalled" visibility="public" complexity="2" crap="2" count="1"/>
        <line num="13" type="stmt" count="1"/>
        <line num="15" type="stmt" count="1"/>
        <line num="18" type="method" name="addAll" visibility="public" complexity="1" crap="2" count="0"/>
        <line num="20" type="stmt" count="0"/>
        <line num="21" type="stmt" count="0"/>
        <line num="22" type="stmt" count="0"/>
        <line num="25" type="method" name="commit" visibility="public" complexity="2" crap="6" count="0"/>
        <line num="27" type="stmt" count="0"/>
        <line num="28" type="stmt" count="0"/>
        <line num="30" type="stmt" count="0"/>
        <line num="31" type="stmt" count="0"/>
        <line num="34" type="stmt" count="0"/>
        <line num="37" type="method" name="push" visibility="public" complexity="1" crap="2" count="0"/>
        <line num="39" type="stmt" count="0"/>
        <line num="40" type="stmt" count="0"/>
        <line num="41" type="stmt" count="0"/>
        <metrics loc="41" ncloc="41" classes="1" methods="4" coveredmethods="1" conditionals="0" coveredconditionals="0" statements="13" coveredstatements="2" elements="17" coveredelements="3" complexity="6"/>
      </file>
      <file name="/home/erik-poehler/Sites/dom-orm/src/Vcs/HgAdapter.php">
        <class name="DOM\ORM\Vcs\HgAdapter" namespace="DOM\ORM\Vcs">
          <metrics complexity="14" methods="6" coveredmethods="3" conditionals="0" coveredconditionals="0" statements="53" coveredstatements="50" elements="59" coveredelements="53"/>
        </class>
        <line num="9" type="method" name="checkInstalled" visibility="public" complexity="4" crap="4" count="3"/>
        <line num="11" type="stmt" count="3"/>
        <line num="12" type="stmt" count="3"/>
        <line num="13" type="stmt" count="3"/>
        <line num="14" type="stmt" count="3"/>
        <line num="15" type="stmt" count="3"/>
        <line num="17" type="stmt" count="3"/>
        <line num="18" type="stmt" count="3"/>
        <line num="19" type="stmt" count="1"/>
        <line num="22" type="stmt" count="2"/>
        <line num="23" type="stmt" count="2"/>
        <line num="24" type="stmt" count="2"/>
        <line num="25" type="stmt" count="2"/>
        <line num="26" type="stmt" count="2"/>
        <line num="28" type="stmt" count="2"/>
        <line num="31" type="method" name="addAll" visibility="public" complexity="1" crap="1" count="2"/>
        <line num="33" type="stmt" count="2"/>
        <line num="36" type="method" name="commit" visibility="public" complexity="2" crap="2.06" count="2"/>
        <line num="38" type="stmt" count="2"/>
        <line num="39" type="stmt" count="2"/>
        <line num="40" type="stmt" count="0"/>
        <line num="43" type="stmt" count="2"/>
        <line num="46" type="method" name="push" visibility="public" complexity="1" crap="1" count="1"/>
        <line num="48" type="stmt" count="1"/>
        <line num="54" type="method" name="run" visibility="private" complexity="3" crap="3.00" count="2"/>
        <line num="56" type="stmt" count="2"/>
        <line num="57" type="stmt" count="2"/>
        <line num="58" type="stmt" count="2"/>
        <line num="59" type="stmt" count="2"/>
        <line num="60" type="stmt" count="2"/>
        <line num="62" type="stmt" count="2"/>
        <line num="63" type="stmt" count="2"/>
        <line num="64" type="stmt" count="0"/>
        <line num="67" type="stmt" count="2"/>
        <line num="68" type="stmt" count="2"/>
        <line num="69" type="stmt" count="2"/>
        <line num="70" type="stmt" count="2"/>
        <line num="71" type="stmt" count="2"/>
        <line num="73" type="stmt" count="2"/>
        <line num="74" type="stmt" count="1"/>
        <line num="75" type="stmt" count="1"/>
        <line num="76" type="stmt" count="1"/>
        <line num="77" type="stmt" count="1"/>
        <line num="78" type="stmt" count="1"/>
        <line num="85" type="method" name="captureOutput" visibility="private" complexity="3" crap="3.00" count="2"/>
        <line num="87" type="stmt" count="2"/>
        <line num="88" type="stmt" count="2"/>
        <line num="89" type="stmt" count="2"/>
        <line num="90" type="stmt" count="2"/>
        <line num="91" type="stmt" count="2"/>
        <line num="93" type="stmt" count="2"/>
        <line num="94" type="stmt" count="2"/>
        <line num="95" type="stmt" count="0"/>
        <line num="98" type="stmt" count="2"/>
        <line num="99" type="stmt" count="2"/>
        <line num="100" type="stmt" count="2"/>
        <line num="101" type="stmt" count="2"/>
        <line num="102" type="stmt" count="2"/>
        <line num="104" type="stmt" count="2"/>
        <metrics loc="104" ncloc="104" classes="1" methods="6" coveredmethods="6" conditionals="0" coveredconditionals="0" statements="53" coveredstatements="50" elements="59" coveredelements="56" complexity="14"/>
      </file>
      <file name="/home/erik-poehler/Sites/dom-orm/src/Vcs/VcsService.php">
        <class name="DOM\ORM\Vcs\VcsService" namespace="DOM\ORM\Vcs">
          <metrics complexity="15" methods="4" coveredmethods="3" conditionals="0" coveredconditionals="0" statements="36" coveredstatements="35" elements="40" coveredelements="38"/>
        </class>
        <line num="34" type="method" name="isEnabled" visibility="public" complexity="1" crap="1" count="32"/>
        <line num="36" type="stmt" count="32"/>
        <line num="45" type="method" name="commit" visibility="public" complexity="5" crap="5" count="5"/>
        <line num="47" type="stmt" count="5"/>
        <line num="48" type="stmt" count="1"/>
        <line num="51" type="stmt" count="4"/>
        <line num="52" type="stmt" count="4"/>
        <line num="54" type="stmt" count="4"/>
        <line num="55" type="stmt" count="2"/>
        <line num="56" type="stmt" count="2"/>
        <line num="57" type="stmt" count="2"/>
        <line num="58" type="stmt" count="2"/>
        <line num="60" type="stmt" count="2"/>
        <line num="63" type="stmt" count="2"/>
        <line num="66" type="stmt" count="2"/>
        <line num="67" type="stmt" count="2"/>
        <line num="69" type="stmt" count="1"/>
        <line num="70" type="stmt" count="1"/>
        <line num="72" type="stmt" count="1"/>
        <line num="73" type="stmt" count="1"/>
        <line num="74" type="stmt" count="1"/>
        <line num="75" type="stmt" count="1"/>
        <line num="76" type="stmt" count="1"/>
        <line num="80" type="method" name="createAdapter" visibility="private" complexity="3" crap="3" count="4"/>
        <line num="83" type="stmt" count="4"/>
        <line num="84" type="stmt" count="4"/>
        <line num="92" type="method" name="resolveCommitMessage" visibility="private" complexity="6" crap="6.02" count="3"/>
        <line num="94" type="stmt" count="3"/>
        <line num="96" type="stmt" count="3"/>
        <line num="97" type="stmt" count="3"/>
        <line num="98" type="stmt" count="3"/>
        <line num="99" type="stmt" count="0"/>
        <line num="102" type="stmt" count="3"/>
        <line num="103" type="stmt" count="3"/>
        <line num="104" type="stmt" count="3"/>
        <line num="105" type="stmt" count="3"/>
        <line num="106" type="stmt" count="3"/>
        <line num="110" type="stmt" count="3"/>
        <line num="111" type="stmt" count="2"/>
        <line num="115" type="stmt" count="1"/>
        <metrics loc="115" ncloc="115" classes="1" methods="4" coveredmethods="4" conditionals="0" coveredconditionals="0" statements="36" coveredstatements="35" elements="40" coveredelements="39" complexity="15"/>
      </file>
      <metrics complexity="35" methods="14" coveredmethods="11" conditionals="0" coveredconditionals="0" statements="102" coveredstatements="87" elements="116" coveredelements="98" classes="3" loc="260" ncloc="260"/>
    </package>
    <file name="/home/erik-poehler/Sites/dom-orm/src/Vcs/VcsAdapterInterface.php">
      <metrics loc="29" ncloc="17" classes="0" methods="0" coveredmethods="0" conditionals="0" coveredconditionals="0" statements="0" coveredstatements="0" elements="0" coveredelements="0"/>
    </file>
    <file name="/home/erik-poehler/Sites/dom-orm/src/helpers.php">
      <line num="12" type="stmt" count="26"/>
      <line num="13" type="stmt" count="26"/>
      <line num="14" type="stmt" count="26"/>
      <line num="15" type="stmt" count="26"/>
      <line num="16" type="stmt" count="26"/>
      <line num="17" type="stmt" count="26"/>
      <line num="18" type="stmt" count="26"/>
      <line num="19" type="stmt" count="26"/>
      <line num="20" type="stmt" count="26"/>
      <line num="21" type="stmt" count="26"/>
      <line num="22" type="stmt" count="26"/>
      <line num="23" type="stmt" count="26"/>
      <line num="24" type="stmt" count="26"/>
      <line num="25" type="stmt" count="26"/>
      <line num="26" type="stmt" count="26"/>
      <line num="27" type="stmt" count="26"/>
      <line num="28" type="stmt" count="26"/>
      <line num="29" type="stmt" count="26"/>
      <line num="30" type="stmt" count="26"/>
      <line num="31" type="stmt" count="26"/>
      <line num="32" type="stmt" count="26"/>
      <line num="33" type="stmt" count="26"/>
      <line num="34" type="stmt" count="26"/>
      <line num="35" type="stmt" count="26"/>
      <line num="36" type="stmt" count="26"/>
      <line num="38" type="stmt" count="26"/>
      <line num="39" type="stmt" count="26"/>
      <line num="40" type="stmt" count="26"/>
      <line num="41" type="stmt" count="26"/>
      <line num="42" type="stmt" count="26"/>
      <line num="43" type="stmt" count="26"/>
      <line num="45" type="stmt" count="26"/>
      <line num="47" type="stmt" count="26"/>
      <line num="48" type="stmt" count="25"/>
      <line num="49" type="stmt" count="25"/>
      <line num="50" type="stmt" count="10"/>
      <line num="53" type="stmt" count="25"/>
      <line num="56" type="stmt" count="1"/>
      <line num="58" type="stmt" count="1"/>
      <line num="59" type="stmt" count="1"/>
      <line num="60" type="stmt" count="0"/>
      <line num="63" type="stmt" count="1"/>
      <line num="90" type="stmt" count="26"/>
      <line num="92" type="stmt" count="26"/>
      <line num="93" type="stmt" count="26"/>
      <line num="94" type="stmt" count="26"/>
      <line num="95" type="stmt" count="3"/>
      <line num="96" type="stmt" count="3"/>
      <line num="97" type="stmt" count="2"/>
      <line num="99" type="stmt" count="3"/>
      <line num="100" type="stmt" count="1"/>
      <line num="101" type="stmt" count="1"/>
      <line num="102" type="stmt" count="1"/>
      <line num="106" type="stmt" count="26"/>
      <line num="107" type="stmt" count="26"/>
      <line num="108" type="stmt" count="2"/>
      <line num="111" type="stmt" count="26"/>
      <line num="112" type="stmt" count="26"/>
      <line num="113" type="stmt" count="0"/>
      <line num="116" type="stmt" count="26"/>
      <line num="117" type="stmt" count="26"/>
      <line num="118" type="stmt" count="1"/>
      <line num="121" type="stmt" count="26"/>
      <line num="122" type="stmt" count="26"/>
      <line num="123" type="stmt" count="0"/>
      <line num="126" type="stmt" count="26"/>
      <line num="127" type="stmt" count="26"/>
      <line num="128" type="stmt" count="0"/>
      <line num="131" type="stmt" count="26"/>
      <line num="132" type="stmt" count="26"/>
      <line num="133" type="stmt" count="7"/>
      <line num="136" type="stmt" count="26"/>
      <line num="137" type="stmt" count="26"/>
      <line num="138" type="stmt" count="5"/>
      <line num="141" type="stmt" count="26"/>
      <line num="142" type="stmt" count="26"/>
      <line num="143" type="stmt" count="1"/>
      <line num="146" type="stmt" count="26"/>
      <line num="147" type="stmt" count="26"/>
      <line num="148" type="stmt" count="26"/>
      <line num="149" type="stmt" count="0"/>
      <line num="152" type="stmt" count="26"/>
      <line num="153" type="stmt" count="26"/>
      <line num="154" type="stmt" count="0"/>
      <line num="157" type="stmt" count="26"/>
      <line num="158" type="stmt" count="26"/>
      <line num="159" type="stmt" count="0"/>
      <line num="162" type="stmt" count="26"/>
      <line num="163" type="stmt" count="26"/>
      <line num="164" type="stmt" count="1"/>
      <line num="167" type="stmt" count="26"/>
      <line num="168" type="stmt" count="26"/>
      <line num="169" type="stmt" count="0"/>
      <line num="172" type="stmt" count="26"/>
      <line num="173" type="stmt" count="1"/>
      <line num="176" type="stmt" count="26"/>
      <line num="177" type="stmt" count="26"/>
      <line num="178" type="stmt" count="26"/>
      <line num="183" type="stmt" count="26"/>
      <line num="184" type="stmt" count="26"/>
      <line num="185" type="stmt" count="26"/>
      <line num="188" type="stmt" count="26"/>
      <line num="189" type="stmt" count="26"/>
      <line num="192" type="stmt" count="10"/>
      <line num="194" type="stmt" count="10"/>
      <line num="199" type="stmt" count="26"/>
      <line num="200" type="stmt" count="26"/>
      <line num="201" type="stmt" count="19"/>
      <line num="204" type="stmt" count="7"/>
      <line num="206" type="stmt" count="7"/>
      <line num="207" type="stmt" count="6"/>
      <line num="210" type="stmt" count="2"/>
      <line num="211" type="stmt" count="2"/>
      <line num="214" type="stmt" count="0"/>
      <line num="219" type="stmt" count="26"/>
      <line num="220" type="stmt" count="26"/>
      <line num="221" type="stmt" count="26"/>
      <line num="224" type="stmt" count="1"/>
      <line num="225" type="stmt" count="1"/>
      <line num="226" type="stmt" count="1"/>
      <line num="229" type="stmt" count="0"/>
      <metrics loc="231" ncloc="209" classes="0" methods="0" coveredmethods="0" conditionals="0" coveredconditionals="0" statements="121" coveredstatements="111" elements="121" coveredelements="111"/>
    </file>
    <metrics files="43" loc="4483" ncloc="4483" classes="40" methods="195" coveredmethods="161" conditionals="0" coveredconditionals="0" statements="1751" coveredstatements="1230" elements="1946" coveredelements="1391" complexity="699"/>
  </project>
</coverage>
